#
# There is insufficient memory for the Java Runtime Environment to continue.
# Native memory allocation (malloc) failed to allocate 1048576 bytes. Error detail: AllocateHeap
# Possible reasons:
#   The system is out of physical RAM or swap space
#   This process is running with CompressedOops enabled, and the Java Heap may be blocking the growth of the native heap
# Possible solutions:
#   Reduce memory load on the system
#   Increase physical memory or swap space
#   Check if swap backing store is full
#   Decrease Java heap size (-Xmx/-Xms)
#   Decrease number of Java threads
#   Decrease Java thread stack sizes (-Xss)
#   Set larger code cache with -XX:ReservedCodeCacheSize=
#   JVM is running with Unscaled Compressed Oops mode in which the Java heap is
#     placed in the first 4GB address space. The Java Heap base address is the
#     maximum limit for the native heap growth. Please use -XX:HeapBaseMinAddress
#     to set the Java Heap base and to place the Java Heap above 4GB virtual address.
# This output file may be truncated or incomplete.
#
#  Out of Memory Error (allocation.cpp:44), pid=31340, tid=29600
#
# JRE version: OpenJDK Runtime Environment Temurin-21.0.8+9 (21.0.8+9) (build 21.0.8+9-LTS)
# Java VM: OpenJDK 64-Bit Server VM Temurin-21.0.8+9 (21.0.8+9-LTS, mixed mode, sharing, tiered, compressed oops, compressed class ptrs, parallel gc, windows-amd64)
# No core dump will be written. Minidumps are not enabled by default on client versions of Windows
#

---------------  S U M M A R Y ------------

Command Line: --add-modules=ALL-SYSTEM --add-opens=java.base/java.util=ALL-UNNAMED --add-opens=java.base/java.lang=ALL-UNNAMED --add-opens=java.base/sun.nio.fs=ALL-UNNAMED -Declipse.application=org.eclipse.jdt.ls.core.id1 -Dosgi.bundles.defaultStartLevel=4 -Declipse.product=org.eclipse.jdt.ls.core.product -Djava.import.generatesMetadataFilesAtProjectRoot=false -DDetectVMInstallationsJob.disabled=true -Dfile.encoding=utf8 -XX:+UseParallelGC -XX:GCTimeRatio=4 -XX:AdaptiveSizePolicyWeight=90 -Dsun.zip.disableMemoryMapping=true -Xmx2G -Xms100m -Xlog:disable -javaagent:c:\Users\19795\.cursor\extensions\redhat.java-1.44.0-win32-x64\lombok\lombok-1.18.39-4050.jar -XX:+HeapDumpOnOutOfMemoryError -XX:HeapDumpPath=c:\Users\19795\AppData\Roaming\Cursor\User\workspaceStorage\60f5666ef69c76d5b2855fa7d1c1c700\redhat.java -Daether.dependencyCollector.impl=bf c:\Users\19795\.cursor\extensions\redhat.java-1.44.0-win32-x64\server\plugins\org.eclipse.equinox.launcher_1.7.0.v20250519-0528.jar -configuration c:\Users\19795\AppData\Roaming\Cursor\User\globalStorage\redhat.java\1.44.0\config_win -data c:\Users\19795\AppData\Roaming\Cursor\User\workspaceStorage\60f5666ef69c76d5b2855fa7d1c1c700\redhat.java\jdt_ws --pipe=\\.\pipe\lsp-d921e0210e75a05ab5c5689d0fd365aa-sock

Host: AMD Ryzen 7 5700U with Radeon Graphics         , 16 cores, 15G,  Windows 11 , 64 bit Build 26100 (10.0.26100.4484)
Time: Mon Aug 11 13:12:08 2025 elapsed time: 2004.705577 seconds (0d 0h 33m 24s)

---------------  T H R E A D  ---------------

Current thread (0x00000180e4094190):  JavaThread "Attach Listener" daemon [_thread_in_vm, id=29600, stack(0x0000000217900000,0x0000000217a00000) (1024K)]

Stack: [0x0000000217900000,0x0000000217a00000]
Native frames: (J=compiled Java code, j=interpreted, Vv=VM code, C=native code)
V  [jvm.dll+0x6d2449]
V  [jvm.dll+0x8ae341]
V  [jvm.dll+0x8b08be]
V  [jvm.dll+0x8b0fa3]
V  [jvm.dll+0x280c96]
V  [jvm.dll+0xc0347]
V  [jvm.dll+0x6d2cf9]
V  [jvm.dll+0x131116]
V  [jvm.dll+0x3f2d16]
V  [jvm.dll+0x857e6b]
V  [jvm.dll+0x6d0b0d]
C  [ucrtbase.dll+0x37b0]
C  [KERNEL32.DLL+0x2e8d7]
C  [ntdll.dll+0x3c34c]


---------------  P R O C E S S  ---------------

Threads class SMR info:
_java_thread_list=0x00000180eb6a8a50, length=42, elements={
0x0000018088dff310, 0x00000180e408d7b0, 0x00000180e40902f0, 0x00000180e4093540,
0x00000180e4094190, 0x00000180e40962a0, 0x000001808b2196f0, 0x000001808b22a080,
0x000001808b22bf50, 0x00000180e41aa740, 0x00000180ea0433b0, 0x00000180eac07c40,
0x00000180ea8a41c0, 0x00000180ea7f2820, 0x00000180ea7eba30, 0x00000180eaa8d880,
0x00000180eb280ac0, 0x00000180eaf85310, 0x00000180eaf84c80, 0x00000180eaf86030,
0x00000180ecbc1e00, 0x00000180ecbc4560, 0x00000180ecbc5280, 0x00000180ecbc3840,
0x00000180ecbc2490, 0x00000180ecbc3ed0, 0x00000180ef1e0770, 0x00000180ef1ded30,
0x00000180ef1e0e00, 0x00000180ef1e1490, 0x00000180ef1e1b20, 0x00000180ef1de6a0,
0x00000180ef1e21b0, 0x00000180ef1e00e0, 0x00000180ef1e2840, 0x00000180ef1df3c0,
0x00000180ef1e2ed0, 0x00000180ef1dfa50, 0x00000180ef1e4280, 0x00000180ef1e5630,
0x00000180ef1e3560, 0x00000180ef1e3bf0
}

Java Threads: ( => current thread )
  0x0000018088dff310 JavaThread "main"                              [_thread_blocked, id=5980, stack(0x0000000217200000,0x0000000217300000) (1024K)]
  0x00000180e408d7b0 JavaThread "Reference Handler"          daemon [_thread_blocked, id=24304, stack(0x0000000217600000,0x0000000217700000) (1024K)]
  0x00000180e40902f0 JavaThread "Finalizer"                  daemon [_thread_blocked, id=22828, stack(0x0000000217700000,0x0000000217800000) (1024K)]
  0x00000180e4093540 JavaThread "Signal Dispatcher"          daemon [_thread_blocked, id=29324, stack(0x0000000217800000,0x0000000217900000) (1024K)]
=>0x00000180e4094190 JavaThread "Attach Listener"            daemon [_thread_in_vm, id=29600, stack(0x0000000217900000,0x0000000217a00000) (1024K)]
  0x00000180e40962a0 JavaThread "Service Thread"             daemon [_thread_blocked, id=20476, stack(0x0000000217a00000,0x0000000217b00000) (1024K)]
  0x000001808b2196f0 JavaThread "Monitor Deflation Thread"   daemon [_thread_blocked, id=26116, stack(0x0000000217b00000,0x0000000217c00000) (1024K)]
  0x000001808b22a080 JavaThread "C2 CompilerThread0"         daemon [_thread_blocked, id=2196, stack(0x0000000217c00000,0x0000000217d00000) (1024K)]
  0x000001808b22bf50 JavaThread "C1 CompilerThread0"         daemon [_thread_blocked, id=27360, stack(0x0000000217d00000,0x0000000217e00000) (1024K)]
  0x00000180e41aa740 JavaThread "Common-Cleaner"             daemon [_thread_blocked, id=25396, stack(0x0000000217f00000,0x0000000218000000) (1024K)]
  0x00000180ea0433b0 JavaThread "Notification Thread"        daemon [_thread_blocked, id=29244, stack(0x0000000218300000,0x0000000218400000) (1024K)]
  0x00000180eac07c40 JavaThread "Active Thread: Equinox Container: 7ed9e7ad-3f89-4cc3-88ce-c131b4e0de0d"        [_thread_blocked, id=30048, stack(0x0000000218c00000,0x0000000218d00000) (1024K)]
  0x00000180ea8a41c0 JavaThread "Refresh Thread: Equinox Container: 7ed9e7ad-3f89-4cc3-88ce-c131b4e0de0d" daemon [_thread_blocked, id=24128, stack(0x0000000218e00000,0x0000000218f00000) (1024K)]
  0x00000180ea7f2820 JavaThread "Framework Event Dispatcher: Equinox Container: 7ed9e7ad-3f89-4cc3-88ce-c131b4e0de0d" daemon [_thread_blocked, id=3368, stack(0x0000000218f00000,0x0000000219000000) (1024K)]
  0x00000180ea7eba30 JavaThread "Start Level: Equinox Container: 7ed9e7ad-3f89-4cc3-88ce-c131b4e0de0d" daemon [_thread_blocked, id=3380, stack(0x0000000219000000,0x0000000219100000) (1024K)]
  0x00000180eaa8d880 JavaThread "Bundle File Closer"         daemon [_thread_blocked, id=15596, stack(0x0000000219400000,0x0000000219500000) (1024K)]
  0x00000180eb280ac0 JavaThread "SCR Component Actor"        daemon [_thread_blocked, id=28372, stack(0x0000000219500000,0x0000000219600000) (1024K)]
  0x00000180eaf85310 JavaThread "Worker-JM"                         [_thread_blocked, id=28956, stack(0x0000000219800000,0x0000000219900000) (1024K)]
  0x00000180eaf84c80 JavaThread "JNA Cleaner"                daemon [_thread_blocked, id=31344, stack(0x0000000218000000,0x0000000218100000) (1024K)]
  0x00000180eaf86030 JavaThread "Java indexing"              daemon [_thread_blocked, id=31376, stack(0x0000000219f00000,0x000000021a000000) (1024K)]
  0x00000180ecbc1e00 JavaThread "Worker-5"                          [_thread_blocked, id=16280, stack(0x000000021a600000,0x000000021a700000) (1024K)]
  0x00000180ecbc4560 JavaThread "Thread-2"                   daemon [_thread_in_native, id=20968, stack(0x000000021a800000,0x000000021a900000) (1024K)]
  0x00000180ecbc5280 JavaThread "Thread-3"                   daemon [_thread_in_native, id=25368, stack(0x000000021a900000,0x000000021aa00000) (1024K)]
  0x00000180ecbc3840 JavaThread "Thread-4"                   daemon [_thread_in_native, id=29888, stack(0x000000021aa00000,0x000000021ab00000) (1024K)]
  0x00000180ecbc2490 JavaThread "Thread-5"                   daemon [_thread_in_native, id=29780, stack(0x000000021ab00000,0x000000021ac00000) (1024K)]
  0x00000180ecbc3ed0 JavaThread "Thread-6"                   daemon [_thread_in_native, id=28480, stack(0x000000021ac00000,0x000000021ad00000) (1024K)]
  0x00000180ef1e0770 JavaThread "Thread-7"                   daemon [_thread_in_native, id=2384, stack(0x000000021ad00000,0x000000021ae00000) (1024K)]
  0x00000180ef1ded30 JavaThread "Thread-8"                   daemon [_thread_in_native, id=26148, stack(0x000000021ae00000,0x000000021af00000) (1024K)]
  0x00000180ef1e0e00 JavaThread "Thread-9"                   daemon [_thread_in_native, id=24176, stack(0x000000021af00000,0x000000021b000000) (1024K)]
  0x00000180ef1e1490 JavaThread "Thread-10"                  daemon [_thread_in_native, id=30956, stack(0x000000021b000000,0x000000021b100000) (1024K)]
  0x00000180ef1e1b20 JavaThread "Thread-11"                  daemon [_thread_in_native, id=30296, stack(0x000000021b100000,0x000000021b200000) (1024K)]
  0x00000180ef1de6a0 JavaThread "Thread-12"                  daemon [_thread_in_native, id=14688, stack(0x000000021b200000,0x000000021b300000) (1024K)]
  0x00000180ef1e21b0 JavaThread "Thread-13"                  daemon [_thread_in_native, id=6272, stack(0x000000021b300000,0x000000021b400000) (1024K)]
  0x00000180ef1e00e0 JavaThread "Thread-14"                  daemon [_thread_in_native, id=24476, stack(0x000000021b400000,0x000000021b500000) (1024K)]
  0x00000180ef1e2840 JavaThread "Thread-15"                  daemon [_thread_in_native, id=4356, stack(0x000000021b500000,0x000000021b600000) (1024K)]
  0x00000180ef1df3c0 JavaThread "Thread-16"                  daemon [_thread_in_native, id=6320, stack(0x000000021b600000,0x000000021b700000) (1024K)]
  0x00000180ef1e2ed0 JavaThread "Thread-17"                  daemon [_thread_in_native, id=4744, stack(0x000000021b700000,0x000000021b800000) (1024K)]
  0x00000180ef1dfa50 JavaThread "Thread-18"                  daemon [_thread_in_native, id=9184, stack(0x000000021b800000,0x000000021b900000) (1024K)]
  0x00000180ef1e4280 JavaThread "pool-2-thread-1"                   [_thread_blocked, id=11272, stack(0x000000021b900000,0x000000021ba00000) (1024K)]
  0x00000180ef1e5630 JavaThread "WorkspaceEventsHandler"            [_thread_blocked, id=28848, stack(0x000000021bb00000,0x000000021bc00000) (1024K)]
  0x00000180ef1e3560 JavaThread "pool-1-thread-1"                   [_thread_blocked, id=14980, stack(0x000000021bc00000,0x000000021bd00000) (1024K)]
  0x00000180ef1e3bf0 JavaThread "Worker-7"                          [_thread_blocked, id=26816, stack(0x000000021bd00000,0x000000021be00000) (1024K)]
Total: 42

Other Threads:
  0x000001808b2127c0 VMThread "VM Thread"                           [id=27052, stack(0x0000000217500000,0x0000000217600000) (1024K)]
  0x00000180a1aeca00 WatcherThread "VM Periodic Task Thread"        [id=29532, stack(0x0000000217400000,0x0000000217500000) (1024K)]
  0x000001808b192140 WorkerThread "GC Thread#0"                     [id=5904, stack(0x0000000217300000,0x0000000217400000) (1024K)]
  0x00000180ea513770 WorkerThread "GC Thread#1"                     [id=22524, stack(0x0000000218500000,0x0000000218600000) (1024K)]
  0x00000180ea70bfe0 WorkerThread "GC Thread#2"                     [id=27368, stack(0x0000000218600000,0x0000000218700000) (1024K)]
  0x00000180eaafe6a0 WorkerThread "GC Thread#3"                     [id=30620, stack(0x0000000218700000,0x0000000218800000) (1024K)]
  0x00000180ea802090 WorkerThread "GC Thread#4"                     [id=29300, stack(0x0000000218800000,0x0000000218900000) (1024K)]
  0x00000180ea362aa0 WorkerThread "GC Thread#5"                     [id=11380, stack(0x0000000218900000,0x0000000218a00000) (1024K)]
  0x00000180ea362e40 WorkerThread "GC Thread#6"                     [id=28148, stack(0x0000000218a00000,0x0000000218b00000) (1024K)]
  0x00000180ea364400 WorkerThread "GC Thread#7"                     [id=6048, stack(0x0000000218d00000,0x0000000218e00000) (1024K)]
  0x00000180ea364060 WorkerThread "GC Thread#8"                     [id=15380, stack(0x0000000219100000,0x0000000219200000) (1024K)]
  0x00000180ea363920 WorkerThread "GC Thread#9"                     [id=25348, stack(0x0000000219200000,0x0000000219300000) (1024K)]
  0x00000180ea3631e0 WorkerThread "GC Thread#10"                    [id=14104, stack(0x0000000219300000,0x0000000219400000) (1024K)]
  0x00000180eb15a1f0 WorkerThread "GC Thread#11"                    [id=11392, stack(0x0000000219700000,0x0000000219800000) (1024K)]
  0x00000180eb15d4b0 WorkerThread "GC Thread#12"                    [id=28468, stack(0x0000000219900000,0x0000000219a00000) (1024K)]
Total: 15

Threads with active compile tasks:
Total: 0

VM state: not at safepoint (normal execution)

VM Mutex/Monitor currently owned by a thread: None

Heap address: 0x0000000080000000, size: 2048 MB, Compressed Oops mode: 32-bit

CDS archive(s) mapped at: [0x00000180a2000000-0x00000180a2ba0000-0x00000180a2ba0000), size 12189696, SharedBaseAddress: 0x00000180a2000000, ArchiveRelocationMode: 1.
Compressed class space mapped at: 0x00000180a3000000-0x00000180e3000000, reserved size: 1073741824
Narrow klass base: 0x00000180a2000000, Narrow klass shift: 0, Narrow klass range: 0x100000000

GC Precious Log:
 CardTable entry size: 512
 CPUs: 16 total, 16 available
 Memory: 15693M
 Large Page Support: Disabled
 NUMA Support: Disabled
 Compressed Oops: Enabled (32-bit)
 Alignments: Space 512K, Generation 512K, Heap 2M
 Heap Min Capacity: 100M
 Heap Initial Capacity: 100M
 Heap Max Capacity: 2G
 Pre-touch: Disabled
 Parallel Workers: 13

Heap:
 PSYoungGen      total 6144K, used 3129K [0x00000000d5580000, 0x00000000d6100000, 0x0000000100000000)
  eden space 4608K, 38% used [0x00000000d5580000,0x00000000d5740df8,0x00000000d5a00000)
  from space 1536K, 86% used [0x00000000d5a00000,0x00000000d5b4d810,0x00000000d5b80000)
  to   space 3072K, 0% used [0x00000000d5e00000,0x00000000d5e00000,0x00000000d6100000)
 ParOldGen       total 945152K, used 944801K [0x0000000080000000, 0x00000000b9b00000, 0x00000000d5580000)
  object space 945152K, 99% used [0x0000000080000000,0x00000000b9aa8500,0x00000000b9b00000)
 Metaspace       used 72127K, committed 73728K, reserved 1179648K
  class space    used 7169K, committed 7936K, reserved 1048576K

Card table byte_map: [0x000001808ab30000,0x000001808af40000] _byte_map_base: 0x000001808a730000

Marking Bits: (ParMarkBitMap*) 0x00007ff9558da340
 Begin Bits: [0x000001809d610000, 0x000001809f610000)
 End Bits:   [0x000001809f610000, 0x00000180a1610000)

Polling page: 0x000001808a8a0000

Metaspace:

Usage:
  Non-class:     63.44 MB used.
      Class:      7.00 MB used.
       Both:     70.44 MB used.

Virtual space:
  Non-class space:      128.00 MB reserved,      64.25 MB ( 50%) committed,  2 nodes.
      Class space:        1.00 GB reserved,       7.75 MB ( <1%) committed,  1 nodes.
             Both:        1.12 GB reserved,      72.00 MB (  6%) committed. 

Chunk freelists:
   Non-Class:  15.72 MB
       Class:  8.23 MB
        Both:  23.94 MB

MaxMetaspaceSize: unlimited
CompressedClassSpaceSize: 1.00 GB
Initial GC threshold: 21.00 MB
Current GC threshold: 117.19 MB
CDS: on
 - commit_granule_bytes: 65536.
 - commit_granule_words: 8192.
 - virtual_space_node_default_size: 8388608.
 - enlarge_chunks_in_place: 1.
 - use_allocation_guard: 0.


Internal statistics:

num_allocs_failed_limit: 11.
num_arena_births: 1474.
num_arena_deaths: 22.
num_vsnodes_births: 3.
num_vsnodes_deaths: 0.
num_space_committed: 1151.
num_space_uncommitted: 0.
num_chunks_returned_to_freelist: 36.
num_chunks_taken_from_freelist: 5023.
num_chunk_merges: 20.
num_chunk_splits: 3041.
num_chunks_enlarged: 1632.
num_inconsistent_stats: 0.

CodeHeap 'non-profiled nmethods': size=119168Kb used=19654Kb max_used=19654Kb free=99513Kb
 bounds [0x0000018095f00000, 0x0000018097240000, 0x000001809d360000]
CodeHeap 'profiled nmethods': size=119104Kb used=41663Kb max_used=42337Kb free=77440Kb
 bounds [0x000001808e360000, 0x0000018090d00000, 0x00000180957b0000]
CodeHeap 'non-nmethods': size=7488Kb used=1468Kb max_used=3309Kb free=6019Kb
 bounds [0x00000180957b0000, 0x0000018095b00000, 0x0000018095f00000]
CodeCache: size=245760Kb, used=62785Kb, max_used=65300Kb, free=182972Kb
 total_blobs=17753, nmethods=16973, adapters=683, full_count=0
Compilation: enabled, stopped_count=0, restarted_count=0

Compilation events (20 events):
Event: 1861.950 Thread 0x000001808b22bf50 19297       1       org.eclipse.osgi.internal.framework.EquinoxContainer::getStorage (5 bytes)
Event: 1861.951 Thread 0x000001808b22bf50 nmethod 19297 0x0000018097231590 code [0x0000018097231720, 0x00000180972317e8]
Event: 1887.364 Thread 0x000001808b22bf50 19298       3       java.util.concurrent.ScheduledThreadPoolExecutor::triggerTime (22 bytes)
Event: 1887.365 Thread 0x000001808b22bf50 nmethod 19298 0x000001808f8c6d10 code [0x000001808f8c6ec0, 0x000001808f8c70a0]
Event: 1887.365 Thread 0x000001808b22bf50 19304   !   3       java.util.concurrent.ScheduledThreadPoolExecutor$DelayedWorkQueue::take (203 bytes)
Event: 1887.365 Thread 0x000001808b22bf50 nmethod 19304 0x000001808f8c4590 code [0x000001808f8c4960, 0x000001808f8c6200]
Event: 1887.365 Thread 0x000001808b22bf50 19299       3       java.util.concurrent.ScheduledThreadPoolExecutor$DelayedWorkQueue::add (9 bytes)
Event: 1887.366 Thread 0x000001808b22bf50 nmethod 19299 0x000001808f8c4010 code [0x000001808f8c41e0, 0x000001808f8c44b8]
Event: 1887.366 Thread 0x000001808b22bf50 19300       3       java.util.concurrent.ScheduledThreadPoolExecutor$DelayedWorkQueue::add (6 bytes)
Event: 1887.366 Thread 0x000001808b22bf50 nmethod 19300 0x000001808f8c3c10 code [0x000001808f8c3dc0, 0x000001808f8c3f18]
Event: 1887.366 Thread 0x000001808b22bf50 19301   !   3       java.util.concurrent.ScheduledThreadPoolExecutor$DelayedWorkQueue::offer (123 bytes)
Event: 1887.366 Thread 0x000001808b22bf50 nmethod 19301 0x000001808f8c1d10 code [0x000001808f8c2020, 0x000001808f8c33c0]
Event: 1887.366 Thread 0x000001808b22bf50 19302       3       java.util.concurrent.ThreadPoolExecutor::ensurePrestart (41 bytes)
Event: 1887.366 Thread 0x000001808b22bf50 nmethod 19302 0x000001808f8c1610 code [0x000001808f8c17e0, 0x000001808f8c1a90]
Event: 1887.366 Thread 0x000001808b22bf50 19303       3       java.util.concurrent.ScheduledThreadPoolExecutor$DelayedWorkQueue::take (5 bytes)
Event: 1887.367 Thread 0x000001808b22bf50 nmethod 19303 0x000001808f5e7f10 code [0x000001808f5e80c0, 0x000001808f5e8218]
Event: 1897.368 Thread 0x000001808b22bf50 19305       3       java.util.concurrent.ScheduledThreadPoolExecutor$ScheduledFutureTask::run (57 bytes)
Event: 1897.369 Thread 0x000001808b22bf50 nmethod 19305 0x000001808f5e7690 code [0x000001808f5e78c0, 0x000001808f5e7d50]
Event: 1924.677 Thread 0x000001808b22bf50 19306       3       java.util.concurrent.locks.AbstractQueuedSynchronizer$ConditionObject::await (207 bytes)
Event: 1924.679 Thread 0x000001808b22bf50 nmethod 19306 0x000001808f5e5f10 code [0x000001808f5e6200, 0x000001808f5e7080]

GC Heap History (20 events):
Event: 43.062 GC heap before
{Heap before GC invocations=2088 (full 4):
 PSYoungGen      total 11776K, used 11750K [0x00000000d5580000, 0x00000000d6500000, 0x0000000100000000)
  eden space 10752K, 100% used [0x00000000d5580000,0x00000000d6000000,0x00000000d6000000)
  from space 1024K, 97% used [0x00000000d6000000,0x00000000d60f9888,0x00000000d6100000)
  to   space 2560K, 0% used [0x00000000d6280000,0x00000000d6280000,0x00000000d6500000)
 ParOldGen       total 916480K, used 916473K [0x0000000080000000, 0x00000000b7f00000, 0x00000000d5580000)
  object space 916480K, 99% used [0x0000000080000000,0x00000000b7efe7c8,0x00000000b7f00000)
 Metaspace       used 71833K, committed 73472K, reserved 1179648K
  class space    used 7140K, committed 7872K, reserved 1048576K
}
Event: 43.067 GC heap after
{Heap after GC invocations=2088 (full 4):
 PSYoungGen      total 8704K, used 2535K [0x00000000d5580000, 0x00000000d6e00000, 0x0000000100000000)
  eden space 6144K, 0% used [0x00000000d5580000,0x00000000d5580000,0x00000000d5b80000)
  from space 2560K, 99% used [0x00000000d6280000,0x00000000d64f9c38,0x00000000d6500000)
  to   space 7168K, 0% used [0x00000000d5b80000,0x00000000d5b80000,0x00000000d6280000)
 ParOldGen       total 920064K, used 920053K [0x0000000080000000, 0x00000000b8280000, 0x00000000d5580000)
  object space 920064K, 99% used [0x0000000080000000,0x00000000b827d518,0x00000000b8280000)
 Metaspace       used 71833K, committed 73472K, reserved 1179648K
  class space    used 7140K, committed 7872K, reserved 1048576K
}
Event: 43.080 GC heap before
{Heap before GC invocations=2089 (full 4):
 PSYoungGen      total 8704K, used 8679K [0x00000000d5580000, 0x00000000d6e00000, 0x0000000100000000)
  eden space 6144K, 100% used [0x00000000d5580000,0x00000000d5b80000,0x00000000d5b80000)
  from space 2560K, 99% used [0x00000000d6280000,0x00000000d64f9c38,0x00000000d6500000)
  to   space 7168K, 0% used [0x00000000d5b80000,0x00000000d5b80000,0x00000000d6280000)
 ParOldGen       total 920064K, used 920053K [0x0000000080000000, 0x00000000b8280000, 0x00000000d5580000)
  object space 920064K, 99% used [0x0000000080000000,0x00000000b827d518,0x00000000b8280000)
 Metaspace       used 71833K, committed 73472K, reserved 1179648K
  class space    used 7140K, committed 7872K, reserved 1048576K
}
Event: 43.085 GC heap after
{Heap after GC invocations=2089 (full 4):
 PSYoungGen      total 12288K, used 5853K [0x00000000d5580000, 0x00000000d6780000, 0x0000000100000000)
  eden space 6144K, 0% used [0x00000000d5580000,0x00000000d5580000,0x00000000d5b80000)
  from space 6144K, 95% used [0x00000000d5b80000,0x00000000d6137728,0x00000000d6180000)
  to   space 6144K, 0% used [0x00000000d6180000,0x00000000d6180000,0x00000000d6780000)
 ParOldGen       total 922624K, used 922529K [0x0000000080000000, 0x00000000b8500000, 0x00000000d5580000)
  object space 922624K, 99% used [0x0000000080000000,0x00000000b84e8708,0x00000000b8500000)
 Metaspace       used 71833K, committed 73472K, reserved 1179648K
  class space    used 7140K, committed 7872K, reserved 1048576K
}
Event: 43.098 GC heap before
{Heap before GC invocations=2090 (full 4):
 PSYoungGen      total 12288K, used 11997K [0x00000000d5580000, 0x00000000d6780000, 0x0000000100000000)
  eden space 6144K, 100% used [0x00000000d5580000,0x00000000d5b80000,0x00000000d5b80000)
  from space 6144K, 95% used [0x00000000d5b80000,0x00000000d6137728,0x00000000d6180000)
  to   space 6144K, 0% used [0x00000000d6180000,0x00000000d6180000,0x00000000d6780000)
 ParOldGen       total 922624K, used 922529K [0x0000000080000000, 0x00000000b8500000, 0x00000000d5580000)
  object space 922624K, 99% used [0x0000000080000000,0x00000000b84e8708,0x00000000b8500000)
 Metaspace       used 71833K, committed 73472K, reserved 1179648K
  class space    used 7140K, committed 7872K, reserved 1048576K
}
Event: 43.103 GC heap after
{Heap after GC invocations=2090 (full 4):
 PSYoungGen      total 12800K, used 4741K [0x00000000d5580000, 0x00000000d6800000, 0x0000000100000000)
  eden space 6656K, 0% used [0x00000000d5580000,0x00000000d5580000,0x00000000d5c00000)
  from space 6144K, 77% used [0x00000000d6180000,0x00000000d6621470,0x00000000d6780000)
  to   space 5632K, 0% used [0x00000000d5c00000,0x00000000d5c00000,0x00000000d6180000)
 ParOldGen       total 926720K, used 926464K [0x0000000080000000, 0x00000000b8900000, 0x00000000d5580000)
  object space 926720K, 99% used [0x0000000080000000,0x00000000b88c0068,0x00000000b8900000)
 Metaspace       used 71833K, committed 73472K, reserved 1179648K
  class space    used 7140K, committed 7872K, reserved 1048576K
}
Event: 43.170 GC heap before
{Heap before GC invocations=2091 (full 4):
 PSYoungGen      total 12800K, used 11397K [0x00000000d5580000, 0x00000000d6800000, 0x0000000100000000)
  eden space 6656K, 100% used [0x00000000d5580000,0x00000000d5c00000,0x00000000d5c00000)
  from space 6144K, 77% used [0x00000000d6180000,0x00000000d6621470,0x00000000d6780000)
  to   space 5632K, 0% used [0x00000000d5c00000,0x00000000d5c00000,0x00000000d6180000)
 ParOldGen       total 926720K, used 926464K [0x0000000080000000, 0x00000000b8900000, 0x00000000d5580000)
  object space 926720K, 99% used [0x0000000080000000,0x00000000b88c0068,0x00000000b8900000)
 Metaspace       used 71833K, committed 73472K, reserved 1179648K
  class space    used 7140K, committed 7872K, reserved 1048576K
}
Event: 43.174 GC heap after
{Heap after GC invocations=2091 (full 4):
 PSYoungGen      total 9216K, used 2272K [0x00000000d5580000, 0x00000000d6300000, 0x0000000100000000)
  eden space 6656K, 0% used [0x00000000d5580000,0x00000000d5580000,0x00000000d5c00000)
  from space 2560K, 88% used [0x00000000d5c00000,0x00000000d5e38018,0x00000000d5e80000)
  to   space 3584K, 0% used [0x00000000d5f80000,0x00000000d5f80000,0x00000000d6300000)
 ParOldGen       total 931328K, used 931022K [0x0000000080000000, 0x00000000b8d80000, 0x00000000d5580000)
  object space 931328K, 99% used [0x0000000080000000,0x00000000b8d338c0,0x00000000b8d80000)
 Metaspace       used 71833K, committed 73472K, reserved 1179648K
  class space    used 7140K, committed 7872K, reserved 1048576K
}
Event: 43.201 GC heap before
{Heap before GC invocations=2092 (full 4):
 PSYoungGen      total 9216K, used 8928K [0x00000000d5580000, 0x00000000d6300000, 0x0000000100000000)
  eden space 6656K, 100% used [0x00000000d5580000,0x00000000d5c00000,0x00000000d5c00000)
  from space 2560K, 88% used [0x00000000d5c00000,0x00000000d5e38018,0x00000000d5e80000)
  to   space 3584K, 0% used [0x00000000d5f80000,0x00000000d5f80000,0x00000000d6300000)
 ParOldGen       total 931328K, used 931022K [0x0000000080000000, 0x00000000b8d80000, 0x00000000d5580000)
  object space 931328K, 99% used [0x0000000080000000,0x00000000b8d338c0,0x00000000b8d80000)
 Metaspace       used 71833K, committed 73472K, reserved 1179648K
  class space    used 7140K, committed 7872K, reserved 1048576K
}
Event: 43.204 GC heap after
{Heap after GC invocations=2092 (full 4):
 PSYoungGen      total 9216K, used 2208K [0x00000000d5580000, 0x00000000d6200000, 0x0000000100000000)
  eden space 6656K, 0% used [0x00000000d5580000,0x00000000d5580000,0x00000000d5c00000)
  from space 2560K, 86% used [0x00000000d5f80000,0x00000000d61a8000,0x00000000d6200000)
  to   space 2560K, 0% used [0x00000000d5c00000,0x00000000d5c00000,0x00000000d5e80000)
 ParOldGen       total 933376K, used 933099K [0x0000000080000000, 0x00000000b8f80000, 0x00000000d5580000)
  object space 933376K, 99% used [0x0000000080000000,0x00000000b8f3adf8,0x00000000b8f80000)
 Metaspace       used 71833K, committed 73472K, reserved 1179648K
  class space    used 7140K, committed 7872K, reserved 1048576K
}
Event: 43.225 GC heap before
{Heap before GC invocations=2093 (full 4):
 PSYoungGen      total 9216K, used 8864K [0x00000000d5580000, 0x00000000d6200000, 0x0000000100000000)
  eden space 6656K, 100% used [0x00000000d5580000,0x00000000d5c00000,0x00000000d5c00000)
  from space 2560K, 86% used [0x00000000d5f80000,0x00000000d61a8000,0x00000000d6200000)
  to   space 2560K, 0% used [0x00000000d5c00000,0x00000000d5c00000,0x00000000d5e80000)
 ParOldGen       total 933376K, used 933099K [0x0000000080000000, 0x00000000b8f80000, 0x00000000d5580000)
  object space 933376K, 99% used [0x0000000080000000,0x00000000b8f3adf8,0x00000000b8f80000)
 Metaspace       used 71833K, committed 73472K, reserved 1179648K
  class space    used 7140K, committed 7872K, reserved 1048576K
}
Event: 43.229 GC heap after
{Heap after GC invocations=2093 (full 4):
 PSYoungGen      total 9216K, used 2550K [0x00000000d5580000, 0x00000000d6600000, 0x0000000100000000)
  eden space 6656K, 0% used [0x00000000d5580000,0x00000000d5580000,0x00000000d5c00000)
  from space 2560K, 99% used [0x00000000d5c00000,0x00000000d5e7d810,0x00000000d5e80000)
  to   space 5120K, 0% used [0x00000000d6100000,0x00000000d6100000,0x00000000d6600000)
 ParOldGen       total 935424K, used 935105K [0x0000000080000000, 0x00000000b9180000, 0x00000000d5580000)
  object space 935424K, 99% used [0x0000000080000000,0x00000000b91306a8,0x00000000b9180000)
 Metaspace       used 71833K, committed 73472K, reserved 1179648K
  class space    used 7140K, committed 7872K, reserved 1048576K
}
Event: 43.255 GC heap before
{Heap before GC invocations=2094 (full 4):
 PSYoungGen      total 9216K, used 9206K [0x00000000d5580000, 0x00000000d6600000, 0x0000000100000000)
  eden space 6656K, 100% used [0x00000000d5580000,0x00000000d5c00000,0x00000000d5c00000)
  from space 2560K, 99% used [0x00000000d5c00000,0x00000000d5e7d810,0x00000000d5e80000)
  to   space 5120K, 0% used [0x00000000d6100000,0x00000000d6100000,0x00000000d6600000)
 ParOldGen       total 935424K, used 935105K [0x0000000080000000, 0x00000000b9180000, 0x00000000d5580000)
  object space 935424K, 99% used [0x0000000080000000,0x00000000b91306a8,0x00000000b9180000)
 Metaspace       used 71833K, committed 73472K, reserved 1179648K
  class space    used 7140K, committed 7872K, reserved 1048576K
}
Event: 43.259 GC heap after
{Heap after GC invocations=2094 (full 4):
 PSYoungGen      total 9728K, used 2614K [0x00000000d5580000, 0x00000000d6400000, 0x0000000100000000)
  eden space 6656K, 0% used [0x00000000d5580000,0x00000000d5580000,0x00000000d5c00000)
  from space 3072K, 85% used [0x00000000d6100000,0x00000000d638d810,0x00000000d6400000)
  to   space 3584K, 0% used [0x00000000d5d00000,0x00000000d5d00000,0x00000000d6080000)
 ParOldGen       total 937472K, used 937025K [0x0000000080000000, 0x00000000b9380000, 0x00000000d5580000)
  object space 937472K, 99% used [0x0000000080000000,0x00000000b9310758,0x00000000b9380000)
 Metaspace       used 71833K, committed 73472K, reserved 1179648K
  class space    used 7140K, committed 7872K, reserved 1048576K
}
Event: 43.275 GC heap before
{Heap before GC invocations=2095 (full 4):
 PSYoungGen      total 9728K, used 9270K [0x00000000d5580000, 0x00000000d6400000, 0x0000000100000000)
  eden space 6656K, 100% used [0x00000000d5580000,0x00000000d5c00000,0x00000000d5c00000)
  from space 3072K, 85% used [0x00000000d6100000,0x00000000d638d810,0x00000000d6400000)
  to   space 3584K, 0% used [0x00000000d5d00000,0x00000000d5d00000,0x00000000d6080000)
 ParOldGen       total 937472K, used 937025K [0x0000000080000000, 0x00000000b9380000, 0x00000000d5580000)
  object space 937472K, 99% used [0x0000000080000000,0x00000000b9310758,0x00000000b9380000)
 Metaspace       used 71833K, committed 73472K, reserved 1179648K
  class space    used 7140K, committed 7872K, reserved 1048576K
}
Event: 43.278 GC heap after
{Heap after GC invocations=2095 (full 4):
 PSYoungGen      total 10240K, used 3332K [0x00000000d5580000, 0x00000000d6300000, 0x0000000100000000)
  eden space 6656K, 0% used [0x00000000d5580000,0x00000000d5580000,0x00000000d5c00000)
  from space 3584K, 92% used [0x00000000d5d00000,0x00000000d6041288,0x00000000d6080000)
  to   space 2560K, 0% used [0x00000000d6080000,0x00000000d6080000,0x00000000d6300000)
 ParOldGen       total 939520K, used 939126K [0x0000000080000000, 0x00000000b9580000, 0x00000000d5580000)
  object space 939520K, 99% used [0x0000000080000000,0x00000000b951d928,0x00000000b9580000)
 Metaspace       used 71833K, committed 73472K, reserved 1179648K
  class space    used 7140K, committed 7872K, reserved 1048576K
}
Event: 43.307 GC heap before
{Heap before GC invocations=2096 (full 4):
 PSYoungGen      total 10240K, used 9988K [0x00000000d5580000, 0x00000000d6300000, 0x0000000100000000)
  eden space 6656K, 100% used [0x00000000d5580000,0x00000000d5c00000,0x00000000d5c00000)
  from space 3584K, 92% used [0x00000000d5d00000,0x00000000d6041288,0x00000000d6080000)
  to   space 2560K, 0% used [0x00000000d6080000,0x00000000d6080000,0x00000000d6300000)
 ParOldGen       total 939520K, used 939126K [0x0000000080000000, 0x00000000b9580000, 0x00000000d5580000)
  object space 939520K, 99% used [0x0000000080000000,0x00000000b951d928,0x00000000b9580000)
 Metaspace       used 71833K, committed 73472K, reserved 1179648K
  class space    used 7140K, committed 7872K, reserved 1048576K
}
Event: 43.311 GC heap after
{Heap after GC invocations=2096 (full 4):
 PSYoungGen      total 7168K, used 2536K [0x00000000d5580000, 0x00000000d6900000, 0x0000000100000000)
  eden space 4608K, 0% used [0x00000000d5580000,0x00000000d5580000,0x00000000d5a00000)
  from space 2560K, 99% used [0x00000000d6080000,0x00000000d62fa338,0x00000000d6300000)
  to   space 6656K, 0% used [0x00000000d5a00000,0x00000000d5a00000,0x00000000d6080000)
 ParOldGen       total 942592K, used 942525K [0x0000000080000000, 0x00000000b9880000, 0x00000000d5580000)
  object space 942592K, 99% used [0x0000000080000000,0x00000000b986f710,0x00000000b9880000)
 Metaspace       used 71833K, committed 73472K, reserved 1179648K
  class space    used 7140K, committed 7872K, reserved 1048576K
}
Event: 304.451 GC heap before
{Heap before GC invocations=2097 (full 4):
 PSYoungGen      total 7168K, used 7144K [0x00000000d5580000, 0x00000000d6900000, 0x0000000100000000)
  eden space 4608K, 100% used [0x00000000d5580000,0x00000000d5a00000,0x00000000d5a00000)
  from space 2560K, 99% used [0x00000000d6080000,0x00000000d62fa338,0x00000000d6300000)
  to   space 6656K, 0% used [0x00000000d5a00000,0x00000000d5a00000,0x00000000d6080000)
 ParOldGen       total 942592K, used 942525K [0x0000000080000000, 0x00000000b9880000, 0x00000000d5580000)
  object space 942592K, 99% used [0x0000000080000000,0x00000000b986f710,0x00000000b9880000)
 Metaspace       used 71906K, committed 73536K, reserved 1179648K
  class space    used 7155K, committed 7936K, reserved 1048576K
}
Event: 304.455 GC heap after
{Heap after GC invocations=2097 (full 4):
 PSYoungGen      total 6144K, used 1334K [0x00000000d5580000, 0x00000000d6100000, 0x0000000100000000)
  eden space 4608K, 0% used [0x00000000d5580000,0x00000000d5580000,0x00000000d5a00000)
  from space 1536K, 86% used [0x00000000d5a00000,0x00000000d5b4d810,0x00000000d5b80000)
  to   space 3072K, 0% used [0x00000000d5e00000,0x00000000d5e00000,0x00000000d6100000)
 ParOldGen       total 945152K, used 944801K [0x0000000080000000, 0x00000000b9b00000, 0x00000000d5580000)
  object space 945152K, 99% used [0x0000000080000000,0x00000000b9aa8500,0x00000000b9b00000)
 Metaspace       used 71906K, committed 73536K, reserved 1179648K
  class space    used 7155K, committed 7936K, reserved 1048576K
}

Dll operation events (10 events):
Event: 0.016 Loaded shared library c:\Users\19795\.cursor\extensions\redhat.java-1.44.0-win32-x64\jre\21.0.8-win32-x86_64\bin\java.dll
Event: 0.061 Loaded shared library c:\Users\19795\.cursor\extensions\redhat.java-1.44.0-win32-x64\jre\21.0.8-win32-x86_64\bin\zip.dll
Event: 0.159 Loaded shared library C:\Users\19795\.cursor\extensions\redhat.java-1.44.0-win32-x64\jre\21.0.8-win32-x86_64\bin\instrument.dll
Event: 0.166 Loaded shared library C:\Users\19795\.cursor\extensions\redhat.java-1.44.0-win32-x64\jre\21.0.8-win32-x86_64\bin\net.dll
Event: 0.170 Loaded shared library C:\Users\19795\.cursor\extensions\redhat.java-1.44.0-win32-x64\jre\21.0.8-win32-x86_64\bin\nio.dll
Event: 0.175 Loaded shared library C:\Users\19795\.cursor\extensions\redhat.java-1.44.0-win32-x64\jre\21.0.8-win32-x86_64\bin\zip.dll
Event: 0.200 Loaded shared library C:\Users\19795\.cursor\extensions\redhat.java-1.44.0-win32-x64\jre\21.0.8-win32-x86_64\bin\jimage.dll
Event: 0.303 Loaded shared library c:\Users\19795\.cursor\extensions\redhat.java-1.44.0-win32-x64\jre\21.0.8-win32-x86_64\bin\verify.dll
Event: 1.498 Loaded shared library C:\Users\19795\AppData\Roaming\Cursor\User\globalStorage\redhat.java\1.44.0\config_win\org.eclipse.equinox.launcher\org.eclipse.equinox.launcher.win32.win32.x86_64_1.2.1400.v20250730-1736\eclipse_11913.dll
Event: 3.495 Loaded shared library C:\Users\19795\AppData\Local\Temp\jna-47005291\jna8074557745051147655.dll

Deoptimization events (20 events):
Event: 304.484 Thread 0x00000180ecbc1e00 DEOPT PACKING pc=0x000001808ec7202e sp=0x000000021a6fe810
Event: 304.484 Thread 0x00000180ecbc1e00 DEOPT UNPACKING pc=0x0000018095804242 sp=0x000000021a6fdd68 mode 0
Event: 304.485 Thread 0x00000180ecbc1e00 DEOPT PACKING pc=0x000001808ec7202e sp=0x000000021a6fe810
Event: 304.485 Thread 0x00000180ecbc1e00 DEOPT UNPACKING pc=0x0000018095804242 sp=0x000000021a6fdd68 mode 0
Event: 304.485 Thread 0x00000180ecbc1e00 DEOPT PACKING pc=0x000001808ec7202e sp=0x000000021a6fe810
Event: 304.485 Thread 0x00000180ecbc1e00 DEOPT UNPACKING pc=0x0000018095804242 sp=0x000000021a6fdd68 mode 0
Event: 304.485 Thread 0x00000180ecbc1e00 DEOPT PACKING pc=0x000001808ec7202e sp=0x000000021a6fe810
Event: 304.485 Thread 0x00000180ecbc1e00 DEOPT UNPACKING pc=0x0000018095804242 sp=0x000000021a6fdd68 mode 0
Event: 304.492 Thread 0x00000180ecbc1e00 Uncommon trap: trap_request=0xffffff45 fr.pc=0x000001809717fddc relative=0x000000000000023c
Event: 304.492 Thread 0x00000180ecbc1e00 Uncommon trap: reason=unstable_if action=reinterpret pc=0x000001809717fddc method=org.eclipse.core.internal.localstore.FileSystemResourceManager.getStoreRoot(Lorg/eclipse/core/resources/IResource;)Lorg/eclipse/core/internal/localstore/FileStoreRoot; @ 33 
Event: 304.492 Thread 0x00000180ecbc1e00 DEOPT PACKING pc=0x000001809717fddc sp=0x000000021a6fef00
Event: 304.492 Thread 0x00000180ecbc1e00 DEOPT UNPACKING pc=0x0000018095803aa2 sp=0x000000021a6fee80 mode 2
Event: 304.493 Thread 0x00000180ecbc1e00 Uncommon trap: trap_request=0xffffff45 fr.pc=0x0000018096d62dd4 relative=0x00000000000006d4
Event: 304.493 Thread 0x00000180ecbc1e00 Uncommon trap: reason=unstable_if action=reinterpret pc=0x0000018096d62dd4 method=java.io.InputStream.read([BII)I @ 52 c2
Event: 304.493 Thread 0x00000180ecbc1e00 DEOPT PACKING pc=0x0000018096d62dd4 sp=0x000000021a6fed50
Event: 304.493 Thread 0x00000180ecbc1e00 DEOPT UNPACKING pc=0x0000018095803aa2 sp=0x000000021a6fece0 mode 2
Event: 304.493 Thread 0x00000180ecbc1e00 Uncommon trap: trap_request=0xffffffc6 fr.pc=0x0000018096bed014 relative=0x0000000000000cd4
Event: 304.493 Thread 0x00000180ecbc1e00 Uncommon trap: reason=bimorphic_or_optimized_type_check action=maybe_recompile pc=0x0000018096bed014 method=java.util.Properties.load0(Ljava/util/Properties$LineReader;)V @ 241 c2
Event: 304.493 Thread 0x00000180ecbc1e00 DEOPT PACKING pc=0x0000018096bed014 sp=0x000000021a6fee90
Event: 304.493 Thread 0x00000180ecbc1e00 DEOPT UNPACKING pc=0x0000018095803aa2 sp=0x000000021a6fee30 mode 2

Classes loaded (20 events):
Event: 31.429 Loading class jdk/internal/icu/impl/Norm2AllModes$NFCSingleton
Event: 31.429 Loading class jdk/internal/icu/impl/Norm2AllModes$NFCSingleton done
Event: 31.430 Loading class java/nio/StringCharBuffer
Event: 31.430 Loading class java/nio/StringCharBuffer done
Event: 304.448 Loading class java/util/stream/Nodes$CollectorTask$OfRef
Event: 304.448 Loading class java/util/stream/Nodes$CollectorTask
Event: 304.448 Loading class java/util/stream/Nodes$CollectorTask done
Event: 304.448 Loading class java/util/stream/Nodes$CollectorTask$OfRef done
Event: 304.450 Loading class java/util/function/LongFunction
Event: 304.450 Loading class java/util/function/LongFunction done
Event: 304.451 Loading class java/util/stream/Nodes$ConcNode
Event: 304.451 Loading class java/util/stream/Nodes$AbstractConcNode
Event: 304.451 Loading class java/util/stream/Nodes$AbstractConcNode done
Event: 304.451 Loading class java/util/stream/Nodes$ConcNode done
Event: 304.461 Loading class java/io/ObjectOutputStream$BlockDataOutputStream
Event: 304.461 Loading class java/io/ObjectOutputStream$BlockDataOutputStream done
Event: 304.462 Loading class java/io/ObjectOutputStream$HandleTable
Event: 304.462 Loading class java/io/ObjectOutputStream$HandleTable done
Event: 304.462 Loading class java/io/ObjectOutputStream$ReplaceTable
Event: 304.462 Loading class java/io/ObjectOutputStream$ReplaceTable done

Classes unloaded (11 events):
Event: 4.087 Thread 0x000001808b2127c0 Unloading class 0x00000180a31acc00 'java/lang/invoke/LambdaForm$MH+0x00000180a31acc00'
Event: 4.087 Thread 0x000001808b2127c0 Unloading class 0x00000180a31ac800 'java/lang/invoke/LambdaForm$MH+0x00000180a31ac800'
Event: 4.087 Thread 0x000001808b2127c0 Unloading class 0x00000180a31ac400 'java/lang/invoke/LambdaForm$MH+0x00000180a31ac400'
Event: 4.087 Thread 0x000001808b2127c0 Unloading class 0x00000180a31ac000 'java/lang/invoke/LambdaForm$MH+0x00000180a31ac000'
Event: 4.087 Thread 0x000001808b2127c0 Unloading class 0x00000180a31abc00 'java/lang/invoke/LambdaForm$BMH+0x00000180a31abc00'
Event: 4.087 Thread 0x000001808b2127c0 Unloading class 0x00000180a31ab800 'java/lang/invoke/LambdaForm$DMH+0x00000180a31ab800'
Event: 4.087 Thread 0x000001808b2127c0 Unloading class 0x00000180a31aa800 'java/lang/invoke/LambdaForm$DMH+0x00000180a31aa800'
Event: 27.125 Thread 0x000001808b2127c0 Unloading class 0x00000180a36d1400 'java/lang/invoke/LambdaForm$DMH+0x00000180a36d1400'
Event: 27.125 Thread 0x000001808b2127c0 Unloading class 0x00000180a36d0800 'java/lang/invoke/LambdaForm$DMH+0x00000180a36d0800'
Event: 27.125 Thread 0x000001808b2127c0 Unloading class 0x00000180a36d1000 'java/lang/invoke/LambdaForm$DMH+0x00000180a36d1000'
Event: 27.125 Thread 0x000001808b2127c0 Unloading class 0x00000180a36d0c00 'java/lang/invoke/LambdaForm$DMH+0x00000180a36d0c00'

Classes redefined (0 events):
No events

Internal exceptions (20 events):
Event: 40.251 Thread 0x00000180eaf86030 Exception <a 'sun/nio/fs/WindowsException'{0x00000000d56b2e20}> (0x00000000d56b2e20) 
thrown [s\src\hotspot\share\prims\jni.cpp, line 520]
Event: 40.273 Thread 0x00000180eaf86030 Exception <a 'sun/nio/fs/WindowsException'{0x00000000d56e1200}> (0x00000000d56e1200) 
thrown [s\src\hotspot\share\prims\jni.cpp, line 520]
Event: 40.344 Thread 0x00000180eaf86030 Exception <a 'sun/nio/fs/WindowsException'{0x00000000d570f360}> (0x00000000d570f360) 
thrown [s\src\hotspot\share\prims\jni.cpp, line 520]
Event: 40.391 Thread 0x00000180eaf86030 Exception <a 'sun/nio/fs/WindowsException'{0x00000000d563d508}> (0x00000000d563d508) 
thrown [s\src\hotspot\share\prims\jni.cpp, line 520]
Event: 40.432 Thread 0x00000180eaf86030 Exception <a 'sun/nio/fs/WindowsException'{0x00000000d56f9310}> (0x00000000d56f9310) 
thrown [s\src\hotspot\share\prims\jni.cpp, line 520]
Event: 40.516 Thread 0x00000180eaf86030 Exception <a 'sun/nio/fs/WindowsException'{0x00000000d57ae848}> (0x00000000d57ae848) 
thrown [s\src\hotspot\share\prims\jni.cpp, line 520]
Event: 40.984 Thread 0x00000180eaf86030 Exception <a 'sun/nio/fs/WindowsException'{0x00000000d570bd78}> (0x00000000d570bd78) 
thrown [s\src\hotspot\share\prims\jni.cpp, line 520]
Event: 41.019 Thread 0x00000180eaf86030 Exception <a 'sun/nio/fs/WindowsException'{0x00000000d57c07a8}> (0x00000000d57c07a8) 
thrown [s\src\hotspot\share\prims\jni.cpp, line 520]
Event: 41.046 Thread 0x00000180eaf86030 Exception <a 'sun/nio/fs/WindowsException'{0x00000000d5700318}> (0x00000000d5700318) 
thrown [s\src\hotspot\share\prims\jni.cpp, line 520]
Event: 41.070 Thread 0x00000180eaf86030 Exception <a 'sun/nio/fs/WindowsException'{0x00000000d573c5f8}> (0x00000000d573c5f8) 
thrown [s\src\hotspot\share\prims\jni.cpp, line 520]
Event: 41.089 Thread 0x00000180eaf86030 Exception <a 'sun/nio/fs/WindowsException'{0x00000000d55e6738}> (0x00000000d55e6738) 
thrown [s\src\hotspot\share\prims\jni.cpp, line 520]
Event: 41.103 Thread 0x00000180eaf86030 Exception <a 'sun/nio/fs/WindowsException'{0x00000000d568d2b0}> (0x00000000d568d2b0) 
thrown [s\src\hotspot\share\prims\jni.cpp, line 520]
Event: 41.252 Thread 0x00000180eaf86030 Exception <a 'sun/nio/fs/WindowsException'{0x00000000d569ef20}> (0x00000000d569ef20) 
thrown [s\src\hotspot\share\prims\jni.cpp, line 520]
Event: 41.274 Thread 0x00000180eaf86030 Exception <a 'sun/nio/fs/WindowsException'{0x00000000d577d2c0}> (0x00000000d577d2c0) 
thrown [s\src\hotspot\share\prims\jni.cpp, line 520]
Event: 41.360 Thread 0x00000180eaf86030 Exception <a 'sun/nio/fs/WindowsException'{0x00000000d5940670}> (0x00000000d5940670) 
thrown [s\src\hotspot\share\prims\jni.cpp, line 520]
Event: 41.410 Thread 0x00000180eaf86030 Exception <a 'sun/nio/fs/WindowsException'{0x00000000d56d8a88}> (0x00000000d56d8a88) 
thrown [s\src\hotspot\share\prims\jni.cpp, line 520]
Event: 41.487 Thread 0x00000180eaf86030 Exception <a 'sun/nio/fs/WindowsException'{0x00000000d596a490}> (0x00000000d596a490) 
thrown [s\src\hotspot\share\prims\jni.cpp, line 520]
Event: 43.036 Thread 0x00000180eaf86030 Exception <a 'sun/nio/fs/WindowsException'{0x00000000d5f91990}> (0x00000000d5f91990) 
thrown [s\src\hotspot\share\prims\jni.cpp, line 520]
Event: 304.474 Thread 0x00000180ecbc1e00 Exception <a 'java/lang/NoSuchMethodError'{0x00000000d5669818}: static [J.<clinit>()V> (0x00000000d5669818) 
thrown [s\src\hotspot\share\prims\jni.cpp, line 1111]
Event: 304.482 Thread 0x00000180ecbc1e00 Exception <a 'java/lang/NoSuchMethodError'{0x00000000d56b4630}: 'java.lang.Object java.lang.invoke.DirectMethodHandle$Holder.newInvokeSpecial(java.lang.Object, java.lang.Object, java.lang.Object, java.lang.Object, java.lang.Object, java.lang.Object, java.lang.Object, java.lang.Object)'> (0x00000000d56b4630) 
thrown [s\src\hotspot\share\interpreter\linkResolver.cpp, line 773]

ZGC Phase Switch (0 events):
No events

VM Operations (20 events):
Event: 1744.007 Executing VM operation: RendezvousGCThreads
Event: 1744.007 Executing VM operation: RendezvousGCThreads done
Event: 1747.045 Executing VM operation: Cleanup
Event: 1747.046 Executing VM operation: Cleanup done
Event: 1804.141 Executing VM operation: HandshakeAllThreads (HandshakeForDeflation)
Event: 1804.141 Executing VM operation: HandshakeAllThreads (HandshakeForDeflation) done
Event: 1804.141 Executing VM operation: RendezvousGCThreads
Event: 1804.141 Executing VM operation: RendezvousGCThreads done
Event: 1864.164 Executing VM operation: HandshakeAllThreads (HandshakeForDeflation)
Event: 1864.164 Executing VM operation: HandshakeAllThreads (HandshakeForDeflation) done
Event: 1864.164 Executing VM operation: RendezvousGCThreads
Event: 1864.164 Executing VM operation: RendezvousGCThreads done
Event: 1924.306 Executing VM operation: HandshakeAllThreads (HandshakeForDeflation)
Event: 1924.306 Executing VM operation: HandshakeAllThreads (HandshakeForDeflation) done
Event: 1924.306 Executing VM operation: RendezvousGCThreads
Event: 1924.306 Executing VM operation: RendezvousGCThreads done
Event: 1984.565 Executing VM operation: HandshakeAllThreads (HandshakeForDeflation)
Event: 1984.565 Executing VM operation: HandshakeAllThreads (HandshakeForDeflation) done
Event: 1984.565 Executing VM operation: RendezvousGCThreads
Event: 1984.565 Executing VM operation: RendezvousGCThreads done

Memory protections (0 events):
No events

Nmethod flushes (20 events):
Event: 27.175 Thread 0x000001808b2127c0 flushing  nmethod 0x000001808f9fda90
Event: 27.175 Thread 0x000001808b2127c0 flushing  nmethod 0x000001808f9fed10
Event: 27.175 Thread 0x000001808b2127c0 flushing  nmethod 0x000001808fa01f90
Event: 27.175 Thread 0x000001808b2127c0 flushing  nmethod 0x000001808fa02a90
Event: 27.175 Thread 0x000001808b2127c0 flushing  nmethod 0x000001808fa0fe10
Event: 27.175 Thread 0x000001808b2127c0 flushing  nmethod 0x000001808fa43610
Event: 27.175 Thread 0x000001808b2127c0 flushing  nmethod 0x000001808fa45810
Event: 27.175 Thread 0x000001808b2127c0 flushing  nmethod 0x000001808fa4a690
Event: 27.175 Thread 0x000001808b2127c0 flushing  nmethod 0x000001808fa5f210
Event: 27.175 Thread 0x000001808b2127c0 flushing  nmethod 0x000001808fa76410
Event: 27.175 Thread 0x000001808b2127c0 flushing  nmethod 0x000001808fa7f790
Event: 27.175 Thread 0x000001808b2127c0 flushing  nmethod 0x000001808fa81b90
Event: 27.175 Thread 0x000001808b2127c0 flushing  nmethod 0x000001808fa87710
Event: 27.175 Thread 0x000001808b2127c0 flushing  nmethod 0x000001808fab7d10
Event: 27.175 Thread 0x000001808b2127c0 flushing  nmethod 0x000001808fab9590
Event: 27.175 Thread 0x000001808b2127c0 flushing  nmethod 0x000001808facd990
Event: 27.175 Thread 0x000001808b2127c0 flushing  nmethod 0x000001808fadf890
Event: 27.175 Thread 0x000001808b2127c0 flushing  nmethod 0x000001808fb10590
Event: 27.175 Thread 0x000001808b2127c0 flushing  nmethod 0x000001808fb29f10
Event: 27.175 Thread 0x000001808b2127c0 flushing  nmethod 0x000001808fb53a90

Events (20 events):
Event: 391.835 Thread 0x00000180f02d18d0 Thread exited: 0x00000180f02d18d0
Event: 439.036 Thread 0x00000180ec3cab70 Thread exited: 0x00000180ec3cab70
Event: 451.846 Thread 0x00000180f02cd0a0 Thread exited: 0x00000180f02cd0a0
Event: 499.039 Thread 0x00000180ec3cb200 Thread exited: 0x00000180ec3cb200
Event: 511.850 Thread 0x00000180f02cbcf0 Thread exited: 0x00000180f02cbcf0
Event: 559.048 Thread 0x00000180ec3c9130 Thread exited: 0x00000180ec3c9130
Event: 571.854 Thread 0x00000180f02d1240 Thread exited: 0x00000180f02d1240
Event: 619.048 Thread 0x00000180ec3c5cb0 Thread exited: 0x00000180ec3c5cb0
Event: 631.858 Thread 0x00000180f02cfe90 Thread exited: 0x00000180f02cfe90
Event: 679.057 Thread 0x00000180f06410f0 Thread exited: 0x00000180f06410f0
Event: 691.858 Thread 0x00000180f02cf170 Thread exited: 0x00000180f02cf170
Event: 739.072 Thread 0x00000180f0640a60 Thread exited: 0x00000180f0640a60
Event: 751.867 Thread 0x0000018087027a70 Thread exited: 0x0000018087027a70
Event: 799.079 Thread 0x00000180ec3c4900 Thread exited: 0x00000180ec3c4900
Event: 811.871 Thread 0x00000180f02d0bb0 Thread exited: 0x00000180f02d0bb0
Event: 859.090 Thread 0x00000180f063fd40 Thread exited: 0x00000180f063fd40
Event: 871.879 Thread 0x00000180f02cf800 Thread exited: 0x00000180f02cf800
Event: 919.096 Thread 0x00000180ec3ca4e0 Thread exited: 0x00000180ec3ca4e0
Event: 931.883 Thread 0x0000018087026d50 Thread exited: 0x0000018087026d50
Event: 979.108 Thread 0x00000180ec3c97c0 Thread exited: 0x00000180ec3c97c0


Dynamic libraries:
0x00007ff620560000 - 0x00007ff62056e000 	c:\Users\19795\.cursor\extensions\redhat.java-1.44.0-win32-x64\jre\21.0.8-win32-x86_64\bin\java.exe
0x00007ffa211a0000 - 0x00007ffa21408000 	C:\WINDOWS\SYSTEM32\ntdll.dll
0x00007ffa20580000 - 0x00007ffa20649000 	C:\WINDOWS\System32\KERNEL32.DLL
0x00007ffa1e2f0000 - 0x00007ffa1e6dd000 	C:\WINDOWS\System32\KERNELBASE.dll
0x00007ffa1ec70000 - 0x00007ffa1edbb000 	C:\WINDOWS\System32\ucrtbase.dll
0x00007ff9ddfd0000 - 0x00007ff9ddfe8000 	c:\Users\19795\.cursor\extensions\redhat.java-1.44.0-win32-x64\jre\21.0.8-win32-x86_64\bin\jli.dll
0x00007ff9ddfb0000 - 0x00007ff9ddfce000 	c:\Users\19795\.cursor\extensions\redhat.java-1.44.0-win32-x64\jre\21.0.8-win32-x86_64\bin\VCRUNTIME140.dll
0x00007ffa20830000 - 0x00007ffa209fc000 	C:\WINDOWS\System32\USER32.dll
0x00007ffa1ea60000 - 0x00007ffa1ea87000 	C:\WINDOWS\System32\win32u.dll
0x00007ffa05230000 - 0x00007ffa054ca000 	C:\WINDOWS\WinSxS\amd64_microsoft.windows.common-controls_6595b64144ccf1df_6.0.26100.4484_none_3e0e6d4ce32ef3b3\COMCTL32.dll
0x00007ffa20650000 - 0x00007ffa2067b000 	C:\WINDOWS\System32\GDI32.dll
0x00007ffa1faf0000 - 0x00007ffa1fb99000 	C:\WINDOWS\System32\msvcrt.dll
0x00007ffa1e860000 - 0x00007ffa1e997000 	C:\WINDOWS\System32\gdi32full.dll
0x00007ffa1eb30000 - 0x00007ffa1ebd3000 	C:\WINDOWS\System32\msvcp_win.dll
0x00007ffa1f5d0000 - 0x00007ffa1f5ff000 	C:\WINDOWS\System32\IMM32.DLL
0x00007ff9ddfa0000 - 0x00007ff9ddfac000 	c:\Users\19795\.cursor\extensions\redhat.java-1.44.0-win32-x64\jre\21.0.8-win32-x86_64\bin\vcruntime140_1.dll
0x00007ff9ddf10000 - 0x00007ff9ddf9d000 	c:\Users\19795\.cursor\extensions\redhat.java-1.44.0-win32-x64\jre\21.0.8-win32-x86_64\bin\msvcp140.dll
0x00007ff954c20000 - 0x00007ff9559b7000 	c:\Users\19795\.cursor\extensions\redhat.java-1.44.0-win32-x64\jre\21.0.8-win32-x86_64\bin\server\jvm.dll
0x00007ffa1ef40000 - 0x00007ffa1eff4000 	C:\WINDOWS\System32\ADVAPI32.dll
0x00007ffa20130000 - 0x00007ffa201d6000 	C:\WINDOWS\System32\sechost.dll
0x00007ffa20460000 - 0x00007ffa20578000 	C:\WINDOWS\System32\RPCRT4.dll
0x00007ffa1f530000 - 0x00007ffa1f5a4000 	C:\WINDOWS\System32\WS2_32.dll
0x00007ffa1dad0000 - 0x00007ffa1db2e000 	C:\WINDOWS\SYSTEM32\POWRPROF.dll
0x00007ffa159c0000 - 0x00007ffa159f5000 	C:\WINDOWS\SYSTEM32\WINMM.dll
0x00007ffa16ff0000 - 0x00007ffa16ffb000 	C:\WINDOWS\SYSTEM32\VERSION.dll
0x00007ffa1dab0000 - 0x00007ffa1dac4000 	C:\WINDOWS\SYSTEM32\UMPDC.dll
0x00007ffa1d090000 - 0x00007ffa1d0ab000 	C:\WINDOWS\SYSTEM32\kernel.appcore.dll
0x00007ff9ddf00000 - 0x00007ff9ddf0a000 	c:\Users\19795\.cursor\extensions\redhat.java-1.44.0-win32-x64\jre\21.0.8-win32-x86_64\bin\jimage.dll
0x00007ffa1b6a0000 - 0x00007ffa1b8e1000 	C:\WINDOWS\SYSTEM32\DBGHELP.DLL
0x00007ffa1fba0000 - 0x00007ffa1ff26000 	C:\WINDOWS\System32\combase.dll
0x00007ffa20690000 - 0x00007ffa20770000 	C:\WINDOWS\System32\OLEAUT32.dll
0x00007ffa054d0000 - 0x00007ffa05513000 	C:\WINDOWS\SYSTEM32\dbgcore.DLL
0x00007ffa1ea90000 - 0x00007ffa1eb29000 	C:\WINDOWS\System32\bcryptPrimitives.dll
0x00007ffa131d0000 - 0x00007ffa131df000 	c:\Users\19795\.cursor\extensions\redhat.java-1.44.0-win32-x64\jre\21.0.8-win32-x86_64\bin\instrument.dll
0x00007ff9b09f0000 - 0x00007ff9b0a0f000 	c:\Users\19795\.cursor\extensions\redhat.java-1.44.0-win32-x64\jre\21.0.8-win32-x86_64\bin\java.dll
0x00007ffa20a10000 - 0x00007ffa2115a000 	C:\WINDOWS\System32\SHELL32.dll
0x00007ffa1edc0000 - 0x00007ffa1ef34000 	C:\WINDOWS\System32\wintypes.dll
0x00007ffa1bf50000 - 0x00007ffa1c7ab000 	C:\WINDOWS\SYSTEM32\windows.storage.dll
0x00007ffa202d0000 - 0x00007ffa203c5000 	C:\WINDOWS\System32\SHCORE.dll
0x00007ffa20260000 - 0x00007ffa202ca000 	C:\WINDOWS\System32\shlwapi.dll
0x00007ffa1e200000 - 0x00007ffa1e22f000 	C:\WINDOWS\SYSTEM32\profapi.dll
0x00007ff9a9710000 - 0x00007ff9a9728000 	c:\Users\19795\.cursor\extensions\redhat.java-1.44.0-win32-x64\jre\21.0.8-win32-x86_64\bin\zip.dll
0x00007ffa131c0000 - 0x00007ffa131d0000 	C:\Users\19795\.cursor\extensions\redhat.java-1.44.0-win32-x64\jre\21.0.8-win32-x86_64\bin\net.dll
0x00007ffa16020000 - 0x00007ffa1613e000 	C:\WINDOWS\SYSTEM32\WINHTTP.dll
0x00007ffa1d620000 - 0x00007ffa1d68a000 	C:\WINDOWS\system32\mswsock.dll
0x00007ff9faa50000 - 0x00007ff9faa66000 	C:\Users\19795\.cursor\extensions\redhat.java-1.44.0-win32-x64\jre\21.0.8-win32-x86_64\bin\nio.dll
0x00007ffa131b0000 - 0x00007ffa131c0000 	c:\Users\19795\.cursor\extensions\redhat.java-1.44.0-win32-x64\jre\21.0.8-win32-x86_64\bin\verify.dll
0x00007ff9d6620000 - 0x00007ff9d6665000 	C:\Users\19795\AppData\Roaming\Cursor\User\globalStorage\redhat.java\1.44.0\config_win\org.eclipse.equinox.launcher\org.eclipse.equinox.launcher.win32.win32.x86_64_1.2.1400.v20250730-1736\eclipse_11913.dll
0x00007ffa1ff30000 - 0x00007ffa200ce000 	C:\WINDOWS\System32\ole32.dll
0x00007ffa1d940000 - 0x00007ffa1d95b000 	C:\WINDOWS\SYSTEM32\CRYPTSP.dll
0x00007ffa1cff0000 - 0x00007ffa1d02b000 	C:\WINDOWS\system32\rsaenh.dll
0x00007ffa1d6c0000 - 0x00007ffa1d6eb000 	C:\WINDOWS\SYSTEM32\USERENV.dll
0x00007ffa1e1d0000 - 0x00007ffa1e1f6000 	C:\WINDOWS\SYSTEM32\bcrypt.dll
0x00007ffa1d960000 - 0x00007ffa1d96c000 	C:\WINDOWS\SYSTEM32\CRYPTBASE.dll
0x00007ffa1cb70000 - 0x00007ffa1cba3000 	C:\WINDOWS\SYSTEM32\IPHLPAPI.DLL
0x00007ffa203d0000 - 0x00007ffa203da000 	C:\WINDOWS\System32\NSI.dll
0x00007ff9b42e0000 - 0x00007ff9b4329000 	C:\Users\19795\AppData\Local\Temp\jna-47005291\jna8074557745051147655.dll
0x00007ffa20680000 - 0x00007ffa20688000 	C:\WINDOWS\System32\PSAPI.DLL
0x00007ffa17950000 - 0x00007ffa1796f000 	C:\WINDOWS\SYSTEM32\dhcpcsvc6.DLL
0x00007ffa17920000 - 0x00007ffa17945000 	C:\WINDOWS\SYSTEM32\dhcpcsvc.DLL
0x00007ffa1d1c0000 - 0x00007ffa1d1f6000 	C:\WINDOWS\SYSTEM32\ntmarta.dll

JVMTI agents:
c:\Users\19795\.cursor\extensions\redhat.java-1.44.0-win32-x64\lombok\lombok-1.18.39-4050.jar path:c:\Users\19795\.cursor\extensions\redhat.java-1.44.0-win32-x64\jre\21.0.8-win32-x86_64\bin\instrument.dll, loaded, initialized, instrumentlib options:none

dbghelp: loaded successfully - version: 4.0.5 - missing functions: none
symbol engine: initialized successfully - sym options: 0x614 - pdb path: .;c:\Users\19795\.cursor\extensions\redhat.java-1.44.0-win32-x64\jre\21.0.8-win32-x86_64\bin;C:\WINDOWS\SYSTEM32;C:\WINDOWS\WinSxS\amd64_microsoft.windows.common-controls_6595b64144ccf1df_6.0.26100.4484_none_3e0e6d4ce32ef3b3;c:\Users\19795\.cursor\extensions\redhat.java-1.44.0-win32-x64\jre\21.0.8-win32-x86_64\bin\server;C:\Users\19795\AppData\Roaming\Cursor\User\globalStorage\redhat.java\1.44.0\config_win\org.eclipse.equinox.launcher\org.eclipse.equinox.launcher.win32.win32.x86_64_1.2.1400.v20250730-1736;C:\Users\19795\AppData\Local\Temp\jna-47005291

VM Arguments:
jvm_args: --add-modules=ALL-SYSTEM --add-opens=java.base/java.util=ALL-UNNAMED --add-opens=java.base/java.lang=ALL-UNNAMED --add-opens=java.base/sun.nio.fs=ALL-UNNAMED -Declipse.application=org.eclipse.jdt.ls.core.id1 -Dosgi.bundles.defaultStartLevel=4 -Declipse.product=org.eclipse.jdt.ls.core.product -Djava.import.generatesMetadataFilesAtProjectRoot=false -DDetectVMInstallationsJob.disabled=true -Dfile.encoding=utf8 -XX:+UseParallelGC -XX:GCTimeRatio=4 -XX:AdaptiveSizePolicyWeight=90 -Dsun.zip.disableMemoryMapping=true -Xmx2G -Xms100m -Xlog:disable -javaagent:c:\Users\19795\.cursor\extensions\redhat.java-1.44.0-win32-x64\lombok\lombok-1.18.39-4050.jar -XX:+HeapDumpOnOutOfMemoryError -XX:HeapDumpPath=c:\Users\19795\AppData\Roaming\Cursor\User\workspaceStorage\60f5666ef69c76d5b2855fa7d1c1c700\redhat.java -Daether.dependencyCollector.impl=bf 
java_command: c:\Users\19795\.cursor\extensions\redhat.java-1.44.0-win32-x64\server\plugins\org.eclipse.equinox.launcher_1.7.0.v20250519-0528.jar -configuration c:\Users\19795\AppData\Roaming\Cursor\User\globalStorage\redhat.java\1.44.0\config_win -data c:\Users\19795\AppData\Roaming\Cursor\User\workspaceStorage\60f5666ef69c76d5b2855fa7d1c1c700\redhat.java\jdt_ws --pipe=\\.\pipe\lsp-d921e0210e75a05ab5c5689d0fd365aa-sock
java_class_path (initial): c:\Users\19795\.cursor\extensions\redhat.java-1.44.0-win32-x64\server\plugins\org.eclipse.equinox.launcher_1.7.0.v20250519-0528.jar
Launcher Type: SUN_STANDARD

[Global flags]
    uintx AdaptiveSizePolicyWeight                 = 90                                        {product} {command line}
     intx CICompilerCount                          = 12                                        {product} {ergonomic}
    uintx GCTimeRatio                              = 4                                         {product} {command line}
     bool HeapDumpOnOutOfMemoryError               = true                                   {manageable} {command line}
    ccstr HeapDumpPath                             = c:\Users\19795\AppData\Roaming\Cursor\User\workspaceStorage\60f5666ef69c76d5b2855fa7d1c1c700\redhat.java         {manageable} {command line}
   size_t InitialHeapSize                          = 104857600                                 {product} {command line}
   size_t MaxHeapSize                              = 2147483648                                {product} {command line}
   size_t MaxNewSize                               = 715653120                                 {product} {ergonomic}
   size_t MinHeapDeltaBytes                        = 524288                                    {product} {ergonomic}
   size_t MinHeapSize                              = 104857600                                 {product} {command line}
   size_t NewSize                                  = 34603008                                  {product} {ergonomic}
    uintx NonNMethodCodeHeapSize                   = 7602480                                {pd product} {ergonomic}
    uintx NonProfiledCodeHeapSize                  = 122027880                              {pd product} {ergonomic}
   size_t OldSize                                  = 70254592                                  {product} {ergonomic}
    uintx ProfiledCodeHeapSize                     = 122027880                              {pd product} {ergonomic}
    uintx ReservedCodeCacheSize                    = 251658240                              {pd product} {ergonomic}
     bool SegmentedCodeCache                       = true                                      {product} {ergonomic}
   size_t SoftMaxHeapSize                          = 2147483648                             {manageable} {ergonomic}
     bool UseCompressedOops                        = true                           {product lp64_product} {ergonomic}
     bool UseLargePagesIndividualAllocation        = false                                  {pd product} {ergonomic}
     bool UseParallelGC                            = true                                      {product} {command line}

Logging:
Log output configuration:
 #0: stdout all=off uptime,level,tags foldmultilines=false
 #1: stderr all=off uptime,level,tags foldmultilines=false

Environment Variables:
JAVA_HOME=C:\soft\Java\jdk-17.0.4.1
PATH=C:\soft\dbhomeFree\bin;c:\Users\19795\AppData\Local\Programs\cursor\resources\app\bin;C:\Program Files\Common Files\Oracle\Java\javapath;C:\WINDOWS\system32;C:\WINDOWS;C:\WINDOWS\System32\Wbem;C:\WINDOWS\System32\WindowsPowerShell\v1.0\;C:\WINDOWS\System32\OpenSSH\;C:\wamp\bin\mysql\mysql5.7.14\bin\;C:\Program Files\HP\HP One Agent;C:\Pro;ram Files\Git\cmd;C:\Program Files\nodejs\;C:\Program Files\Git\cmd;C:\Program Files\nodejs\node_global\;C:\Program Files (x86)\Tencent\web\dll;C:\WINDOWS\system32;C:\WINDOWS;C:\WINDOWS\System32\Wbem;C:\WINDOWS\System32\WindowsPowerShell\v1.0\;C:\WINDOWS\System32\OpenSSH\;C:\data\apache-zookeeper-3.6.4-bin\bin;C:\Users\19795\anaconda3\anaconda2;C:\Users\19795\anaconda3\anaconda2\Library\mingw-w64\bin;C:\Users\19795\anaconda3\anaconda2\Library\usr\bin;C:\Users\19795\anaconda3\anaconda2\Library\bin;C:\Users\19795\anaconda3\anaconda2\Scripts;C:\Users\19795\AppData\Local\Microsoft\WindowsApps;C:\Program Files\Bandizip\;C:\Program Files\JetBrains\PyCharm Community Edition 2021.3.1\bin;;C:\Progra;C:\Users\19795\anaconda3\anaconda2;C:\Users\19795\anaconda3\anaconda2\Library\mingw-w64\bin;C:\Users\19795\anaconda3\anaconda2\Library\usr\bin;C:\Users\19795\anaconda3\anaconda2\Library\bin;C:\Users\19795\anaconda3\anaconda2\Scripts;C:\Users\19795\AppData\Local\Microsoft\WindowsApps;C:\Program Files\Bandizip\;C:\Program Files\JetBrains\PyCharm Community Edition 2021.3.1\bin;;C:\Program Files\PyCharm 2021.3.1\bin;;C:\Users\19795\AppData\Local\Programs\Microsoft VS Code\bin;C:\soft\apache-maven-3.8.6\bin;C:\Users\19795\AppData\Roaming\npm;C:\Users\19795\Desktop\apache-tomcat-10.1.0-M1\bin;C:\soft\Java\jdk-17.0.4.1;C:\Users\19795\AppData\Local\Programs\cursor\resources\app\bin
USERNAME=19795
OS=Windows_NT
PROCESSOR_IDENTIFIER=AMD64 Family 23 Model 104 Stepping 1, AuthenticAMD
TMP=C:\Users\19795\AppData\Local\Temp
TEMP=C:\Users\19795\AppData\Local\Temp




Periodic native trim disabled

---------------  S Y S T E M  ---------------

OS:
 Windows 11 , 64 bit Build 26100 (10.0.26100.4484)
OS uptime: 0 days 4:39 hours

CPU: total 16 (initial active 16) (16 cores per cpu, 2 threads per core) family 23 model 104 stepping 1 microcode 0x8608104, cx8, cmov, fxsr, ht, mmx, 3dnowpref, sse, sse2, sse3, ssse3, sse4a, sse4.1, sse4.2, popcnt, lzcnt, tsc, tscinvbit, avx, avx2, aes, clmul, bmi1, bmi2, adx, sha, fma, vzeroupper, clflush, clflushopt, rdtscp, rdpid, f16c
Processor Information for the first 16 processors :
  Max Mhz: 1801, Current Mhz: 1801, Mhz Limit: 1801

Memory: 4k page, system-wide physical 15693M (1408M free)
TotalPageFile size 62797M (AvailPageFile size 198M)
current process WorkingSet (physical memory assigned to process): 1363M, peak: 1407M
current process commit charge ("private bytes"): 1361M, peak: 1372M

vm_info: OpenJDK 64-Bit Server VM (21.0.8+9-LTS) for windows-amd64 JRE (21.0.8+9-LTS), built on 2025-07-15T00:00:00Z by "admin" with MS VC++ 17.7 (VS2022)

END.
