#
# There is insufficient memory for the Java Runtime Environment to continue.
# Native memory allocation (malloc) failed to allocate 1048576 bytes. Error detail: AllocateHeap
# Possible reasons:
#   The system is out of physical RAM or swap space
#   This process is running with CompressedOops enabled, and the Java Heap may be blocking the growth of the native heap
# Possible solutions:
#   Reduce memory load on the system
#   Increase physical memory or swap space
#   Check if swap backing store is full
#   Decrease Java heap size (-Xmx/-Xms)
#   Decrease number of Java threads
#   Decrease Java thread stack sizes (-Xss)
#   Set larger code cache with -XX:ReservedCodeCacheSize=
#   JVM is running with Unscaled Compressed Oops mode in which the Java heap is
#     placed in the first 4GB address space. The Java Heap base address is the
#     maximum limit for the native heap growth. Please use -XX:HeapBaseMinAddress
#     to set the Java Heap base and to place the Java Heap above 4GB virtual address.
# This output file may be truncated or incomplete.
#
#  Out of Memory Error (allocation.cpp:44), pid=3592, tid=32904
#
# JRE version: OpenJDK Runtime Environment Temurin-21.0.8+9 (21.0.8+9) (build 21.0.8+9-LTS)
# Java VM: OpenJDK 64-Bit Server VM Temurin-21.0.8+9 (21.0.8+9-LTS, mixed mode, sharing, tiered, compressed oops, compressed class ptrs, parallel gc, windows-amd64)
# No core dump will be written. Minidumps are not enabled by default on client versions of Windows
#

---------------  S U M M A R Y ------------

Command Line: --add-modules=ALL-SYSTEM --add-opens=java.base/java.util=ALL-UNNAMED --add-opens=java.base/java.lang=ALL-UNNAMED --add-opens=java.base/sun.nio.fs=ALL-UNNAMED -Declipse.application=org.eclipse.jdt.ls.core.id1 -Dosgi.bundles.defaultStartLevel=4 -Declipse.product=org.eclipse.jdt.ls.core.product -Djava.import.generatesMetadataFilesAtProjectRoot=false -DDetectVMInstallationsJob.disabled=true -Dfile.encoding=utf8 -XX:+UseParallelGC -XX:GCTimeRatio=4 -XX:AdaptiveSizePolicyWeight=90 -Dsun.zip.disableMemoryMapping=true -Xmx2G -Xms100m -Xlog:disable -javaagent:c:\Users\19795\.cursor\extensions\redhat.java-1.44.0-win32-x64\lombok\lombok-1.18.39-4050.jar -XX:+HeapDumpOnOutOfMemoryError -XX:HeapDumpPath=c:\Users\19795\AppData\Roaming\Cursor\User\workspaceStorage\60f5666ef69c76d5b2855fa7d1c1c700\redhat.java -Daether.dependencyCollector.impl=bf c:\Users\19795\.cursor\extensions\redhat.java-1.44.0-win32-x64\server\plugins\org.eclipse.equinox.launcher_1.7.0.v20250519-0528.jar -configuration c:\Users\19795\AppData\Roaming\Cursor\User\globalStorage\redhat.java\1.44.0\config_win -data c:\Users\19795\AppData\Roaming\Cursor\User\workspaceStorage\60f5666ef69c76d5b2855fa7d1c1c700\redhat.java\jdt_ws --pipe=\\.\pipe\lsp-2a11c1e495098664e65f1d5ec0384284-sock

Host: AMD Ryzen 7 5700U with Radeon Graphics         , 16 cores, 15G,  Windows 11 , 64 bit Build 26100 (10.0.26100.4484)
Time: Fri Aug  8 17:05:27 2025 elapsed time: 1944.351937 seconds (0d 0h 32m 24s)

---------------  T H R E A D  ---------------

Current thread (0x000001f9d0b2e3a0):  JavaThread "Attach Listener" daemon [_thread_in_vm, id=32904, stack(0x0000002ac6e00000,0x0000002ac6f00000) (1024K)]

Stack: [0x0000002ac6e00000,0x0000002ac6f00000]
Native frames: (J=compiled Java code, j=interpreted, Vv=VM code, C=native code)
V  [jvm.dll+0x6d2449]
V  [jvm.dll+0x8ae341]
V  [jvm.dll+0x8b08be]
V  [jvm.dll+0x8b0fa3]
V  [jvm.dll+0x280c96]
V  [jvm.dll+0xc0347]
V  [jvm.dll+0x6d2cf9]
V  [jvm.dll+0x131116]
V  [jvm.dll+0x3f2d16]
V  [jvm.dll+0x857e6b]
V  [jvm.dll+0x6d0b0d]
C  [ucrtbase.dll+0x37b0]
C  [KERNEL32.DLL+0x2e8d7]
C  [ntdll.dll+0x3c34c]


---------------  P R O C E S S  ---------------

Threads class SMR info:
_java_thread_list=0x000001f9dabad0b0, length=42, elements={
0x000001f9f5a4e800, 0x000001f9f7debf20, 0x000001f9d0b25c80, 0x000001f9d0b2d3a0,
0x000001f9d0b2e3a0, 0x000001f9d0b2eff0, 0x000001f9d0b31a50, 0x000001f9d0b35500,
0x000001f9d0b49550, 0x000001f9d0c21910, 0x000001f9d0e920d0, 0x000001f9d2a9f220,
0x000001f9d716f090, 0x000001f9d73049f0, 0x000001f9d7131e40, 0x000001f9d73757e0,
0x000001f9d798d960, 0x000001f9d79a6ef0, 0x000001f9d79a7c10, 0x000001f9d79a7580,
0x000001f9d79a54b0, 0x000001f9daa1f6a0, 0x000001f9daa203c0, 0x000001f9daa21e00,
0x000001f9daa21770, 0x000001f9daa1fd30, 0x000001f9daa22490, 0x000001f9daa20a50,
0x000001f9daa210e0, 0x000001f9daa1f010, 0x000001f9daa23840, 0x000001f9daa25fa0,
0x000001f9daa23ed0, 0x000001f9daa24560, 0x000001f9daa231b0, 0x000001f9daa22b20,
0x000001f9daa25280, 0x000001f9daa24bf0, 0x000001f9daa26630, 0x000001f9daa25910,
0x000001f9db45bda0, 0x000001f9d9a95160
}

Java Threads: ( => current thread )
  0x000001f9f5a4e800 JavaThread "main"                              [_thread_blocked, id=31356, stack(0x0000002ac6700000,0x0000002ac6800000) (1024K)]
  0x000001f9f7debf20 JavaThread "Reference Handler"          daemon [_thread_blocked, id=32128, stack(0x0000002ac6b00000,0x0000002ac6c00000) (1024K)]
  0x000001f9d0b25c80 JavaThread "Finalizer"                  daemon [_thread_blocked, id=31500, stack(0x0000002ac6c00000,0x0000002ac6d00000) (1024K)]
  0x000001f9d0b2d3a0 JavaThread "Signal Dispatcher"          daemon [_thread_blocked, id=27372, stack(0x0000002ac6d00000,0x0000002ac6e00000) (1024K)]
=>0x000001f9d0b2e3a0 JavaThread "Attach Listener"            daemon [_thread_in_vm, id=32904, stack(0x0000002ac6e00000,0x0000002ac6f00000) (1024K)]
  0x000001f9d0b2eff0 JavaThread "Service Thread"             daemon [_thread_blocked, id=27108, stack(0x0000002ac6f00000,0x0000002ac7000000) (1024K)]
  0x000001f9d0b31a50 JavaThread "Monitor Deflation Thread"   daemon [_thread_blocked, id=33100, stack(0x0000002ac7000000,0x0000002ac7100000) (1024K)]
  0x000001f9d0b35500 JavaThread "C2 CompilerThread0"         daemon [_thread_blocked, id=33136, stack(0x0000002ac7100000,0x0000002ac7200000) (1024K)]
  0x000001f9d0b49550 JavaThread "C1 CompilerThread0"         daemon [_thread_blocked, id=30632, stack(0x0000002ac7200000,0x0000002ac7300000) (1024K)]
  0x000001f9d0c21910 JavaThread "Common-Cleaner"             daemon [_thread_blocked, id=33452, stack(0x0000002ac7300000,0x0000002ac7400000) (1024K)]
  0x000001f9d0e920d0 JavaThread "Notification Thread"        daemon [_thread_blocked, id=33080, stack(0x0000002ac7800000,0x0000002ac7900000) (1024K)]
  0x000001f9d2a9f220 JavaThread "Active Thread: Equinox Container: b98b710f-1986-4ab9-a7d6-4f02c4a81f5a"        [_thread_blocked, id=33820, stack(0x0000002ac7f00000,0x0000002ac8000000) (1024K)]
  0x000001f9d716f090 JavaThread "Refresh Thread: Equinox Container: b98b710f-1986-4ab9-a7d6-4f02c4a81f5a" daemon [_thread_blocked, id=33904, stack(0x0000002ac8100000,0x0000002ac8200000) (1024K)]
  0x000001f9d73049f0 JavaThread "Framework Event Dispatcher: Equinox Container: b98b710f-1986-4ab9-a7d6-4f02c4a81f5a" daemon [_thread_blocked, id=33908, stack(0x0000002ac8200000,0x0000002ac8300000) (1024K)]
  0x000001f9d7131e40 JavaThread "Start Level: Equinox Container: b98b710f-1986-4ab9-a7d6-4f02c4a81f5a" daemon [_thread_blocked, id=33912, stack(0x0000002ac8300000,0x0000002ac8400000) (1024K)]
  0x000001f9d73757e0 JavaThread "Bundle File Closer"         daemon [_thread_blocked, id=34112, stack(0x0000002ac8700000,0x0000002ac8800000) (1024K)]
  0x000001f9d798d960 JavaThread "SCR Component Actor"        daemon [_thread_blocked, id=34220, stack(0x0000002ac8800000,0x0000002ac8900000) (1024K)]
  0x000001f9d79a6ef0 JavaThread "Worker-JM"                         [_thread_blocked, id=34524, stack(0x0000002ac8a00000,0x0000002ac8b00000) (1024K)]
  0x000001f9d79a7c10 JavaThread "JNA Cleaner"                daemon [_thread_blocked, id=34748, stack(0x0000002ac8d00000,0x0000002ac8e00000) (1024K)]
  0x000001f9d79a7580 JavaThread "Worker-2"                          [_thread_blocked, id=33956, stack(0x0000002ac9000000,0x0000002ac9100000) (1024K)]
  0x000001f9d79a54b0 JavaThread "Java indexing"              daemon [_thread_blocked, id=34192, stack(0x0000002ac9100000,0x0000002ac9200000) (1024K)]
  0x000001f9daa1f6a0 JavaThread "Thread-2"                   daemon [_thread_in_native, id=34256, stack(0x0000002ac9600000,0x0000002ac9700000) (1024K)]
  0x000001f9daa203c0 JavaThread "Thread-3"                   daemon [_thread_in_native, id=34252, stack(0x0000002ac9700000,0x0000002ac9800000) (1024K)]
  0x000001f9daa21e00 JavaThread "Thread-4"                   daemon [_thread_in_native, id=34248, stack(0x0000002ac9800000,0x0000002ac9900000) (1024K)]
  0x000001f9daa21770 JavaThread "Thread-5"                   daemon [_thread_in_native, id=34240, stack(0x0000002ac9900000,0x0000002ac9a00000) (1024K)]
  0x000001f9daa1fd30 JavaThread "Thread-6"                   daemon [_thread_in_native, id=34244, stack(0x0000002ac9a00000,0x0000002ac9b00000) (1024K)]
  0x000001f9daa22490 JavaThread "Thread-7"                   daemon [_thread_in_native, id=29728, stack(0x0000002ac9b00000,0x0000002ac9c00000) (1024K)]
  0x000001f9daa20a50 JavaThread "Thread-8"                   daemon [_thread_in_native, id=32816, stack(0x0000002ac9c00000,0x0000002ac9d00000) (1024K)]
  0x000001f9daa210e0 JavaThread "Thread-9"                   daemon [_thread_in_native, id=34324, stack(0x0000002ac9d00000,0x0000002ac9e00000) (1024K)]
  0x000001f9daa1f010 JavaThread "Thread-10"                  daemon [_thread_in_native, id=34508, stack(0x0000002ac9e00000,0x0000002ac9f00000) (1024K)]
  0x000001f9daa23840 JavaThread "Thread-11"                  daemon [_thread_in_native, id=34040, stack(0x0000002ac9f00000,0x0000002aca000000) (1024K)]
  0x000001f9daa25fa0 JavaThread "Thread-12"                  daemon [_thread_in_native, id=34548, stack(0x0000002aca000000,0x0000002aca100000) (1024K)]
  0x000001f9daa23ed0 JavaThread "Thread-13"                  daemon [_thread_in_native, id=33140, stack(0x0000002aca100000,0x0000002aca200000) (1024K)]
  0x000001f9daa24560 JavaThread "Thread-14"                  daemon [_thread_in_native, id=34540, stack(0x0000002aca200000,0x0000002aca300000) (1024K)]
  0x000001f9daa231b0 JavaThread "Thread-15"                  daemon [_thread_in_native, id=34536, stack(0x0000002aca300000,0x0000002aca400000) (1024K)]
  0x000001f9daa22b20 JavaThread "Thread-16"                  daemon [_thread_in_native, id=34544, stack(0x0000002aca400000,0x0000002aca500000) (1024K)]
  0x000001f9daa25280 JavaThread "Thread-17"                  daemon [_thread_in_native, id=34320, stack(0x0000002aca500000,0x0000002aca600000) (1024K)]
  0x000001f9daa24bf0 JavaThread "Thread-18"                  daemon [_thread_in_native, id=33532, stack(0x0000002aca600000,0x0000002aca700000) (1024K)]
  0x000001f9daa26630 JavaThread "pool-2-thread-1"                   [_thread_blocked, id=11364, stack(0x0000002aca700000,0x0000002aca800000) (1024K)]
  0x000001f9daa25910 JavaThread "WorkspaceEventsHandler"            [_thread_blocked, id=28076, stack(0x0000002aca800000,0x0000002aca900000) (1024K)]
  0x000001f9db45bda0 JavaThread "pool-1-thread-1"                   [_thread_blocked, id=33628, stack(0x0000002aca900000,0x0000002acaa00000) (1024K)]
  0x000001f9d9a95160 JavaThread "Worker-6"                          [_thread_blocked, id=16604, stack(0x0000002acad00000,0x0000002acae00000) (1024K)]
Total: 42

Other Threads:
  0x000001f9f7de3840 VMThread "VM Thread"                           [id=32192, stack(0x0000002ac6a00000,0x0000002ac6b00000) (1024K)]
  0x000001f9f7bcca00 WatcherThread "VM Periodic Task Thread"        [id=32116, stack(0x0000002ac6900000,0x0000002ac6a00000) (1024K)]
  0x000001f9f7d60720 WorkerThread "GC Thread#0"                     [id=28744, stack(0x0000002ac6800000,0x0000002ac6900000) (1024K)]
  0x000001f9d2857690 WorkerThread "GC Thread#1"                     [id=30192, stack(0x0000002ac7900000,0x0000002ac7a00000) (1024K)]
  0x000001f9d288ea20 WorkerThread "GC Thread#2"                     [id=32072, stack(0x0000002ac7a00000,0x0000002ac7b00000) (1024K)]
  0x000001f9d2857c40 WorkerThread "GC Thread#3"                     [id=25748, stack(0x0000002ac7b00000,0x0000002ac7c00000) (1024K)]
  0x000001f9d2857fe0 WorkerThread "GC Thread#4"                     [id=27708, stack(0x0000002ac7c00000,0x0000002ac7d00000) (1024K)]
  0x000001f9d2858590 WorkerThread "GC Thread#5"                     [id=14548, stack(0x0000002ac7d00000,0x0000002ac7e00000) (1024K)]
  0x000001f9d256d850 WorkerThread "GC Thread#6"                     [id=22452, stack(0x0000002ac7e00000,0x0000002ac7f00000) (1024K)]
  0x000001f9d256cd70 WorkerThread "GC Thread#7"                     [id=33884, stack(0x0000002ac8000000,0x0000002ac8100000) (1024K)]
  0x000001f9d256df90 WorkerThread "GC Thread#8"                     [id=33984, stack(0x0000002ac8400000,0x0000002ac8500000) (1024K)]
  0x000001f9d256c630 WorkerThread "GC Thread#9"                     [id=33988, stack(0x0000002ac8500000,0x0000002ac8600000) (1024K)]
  0x000001f9d256d110 WorkerThread "GC Thread#10"                    [id=33992, stack(0x0000002ac8600000,0x0000002ac8700000) (1024K)]
  0x000001f9d256d4b0 WorkerThread "GC Thread#11"                    [id=34332, stack(0x0000002ac7600000,0x0000002ac7700000) (1024K)]
  0x000001f9d75d4b10 WorkerThread "GC Thread#12"                    [id=34688, stack(0x0000002ac8b00000,0x0000002ac8c00000) (1024K)]
Total: 15

Threads with active compile tasks:
Total: 0

VM state: not at safepoint (normal execution)

VM Mutex/Monitor currently owned by a thread: None

Heap address: 0x0000000080000000, size: 2048 MB, Compressed Oops mode: 32-bit

CDS archive(s) mapped at: [0x000001f98f000000-0x000001f98fba0000-0x000001f98fba0000), size 12189696, SharedBaseAddress: 0x000001f98f000000, ArchiveRelocationMode: 1.
Compressed class space mapped at: 0x000001f990000000-0x000001f9d0000000, reserved size: 1073741824
Narrow klass base: 0x000001f98f000000, Narrow klass shift: 0, Narrow klass range: 0x100000000

GC Precious Log:
 CardTable entry size: 512
 CPUs: 16 total, 16 available
 Memory: 15693M
 Large Page Support: Disabled
 NUMA Support: Disabled
 Compressed Oops: Enabled (32-bit)
 Alignments: Space 512K, Generation 512K, Heap 2M
 Heap Min Capacity: 100M
 Heap Initial Capacity: 100M
 Heap Max Capacity: 2G
 Pre-touch: Disabled
 Parallel Workers: 13

Heap:
 PSYoungGen      total 7168K, used 5064K [0x00000000d5580000, 0x00000000d5f00000, 0x0000000100000000)
  eden space 5632K, 68% used [0x00000000d5580000,0x00000000d594a090,0x00000000d5b00000)
  from space 1536K, 77% used [0x00000000d5d80000,0x00000000d5ea8020,0x00000000d5f00000)
  to   space 1536K, 0% used [0x00000000d5c00000,0x00000000d5c00000,0x00000000d5d80000)
 ParOldGen       total 1224704K, used 1224223K [0x0000000080000000, 0x00000000cac00000, 0x00000000d5580000)
  object space 1224704K, 99% used [0x0000000080000000,0x00000000cab87fa0,0x00000000cac00000)
 Metaspace       used 77943K, committed 79680K, reserved 1179648K
  class space    used 7722K, committed 8448K, reserved 1048576K

Card table byte_map: [0x000001f9f76e0000,0x000001f9f7af0000] _byte_map_base: 0x000001f9f72e0000

Marking Bits: (ParMarkBitMap*) 0x00007ffeeb8aa340
 Begin Bits: [0x000001f9fb1e0000, 0x000001f9fd1e0000)
 End Bits:   [0x000001f9fd1e0000, 0x000001f9ff1e0000)

Polling page: 0x000001f9f7400000

Metaspace:

Usage:
  Non-class:     68.58 MB used.
      Class:      7.54 MB used.
       Both:     76.12 MB used.

Virtual space:
  Non-class space:      128.00 MB reserved,      69.56 MB ( 54%) committed,  2 nodes.
      Class space:        1.00 GB reserved,       8.25 MB ( <1%) committed,  1 nodes.
             Both:        1.12 GB reserved,      77.81 MB (  7%) committed. 

Chunk freelists:
   Non-Class:  9.74 MB
       Class:  7.67 MB
        Both:  17.41 MB

MaxMetaspaceSize: unlimited
CompressedClassSpaceSize: 1.00 GB
Initial GC threshold: 21.00 MB
Current GC threshold: 97.31 MB
CDS: on
 - commit_granule_bytes: 65536.
 - commit_granule_words: 8192.
 - virtual_space_node_default_size: 8388608.
 - enlarge_chunks_in_place: 1.
 - use_allocation_guard: 0.


Internal statistics:

num_allocs_failed_limit: 13.
num_arena_births: 1700.
num_arena_deaths: 14.
num_vsnodes_births: 3.
num_vsnodes_deaths: 0.
num_space_committed: 1244.
num_space_uncommitted: 0.
num_chunks_returned_to_freelist: 27.
num_chunks_taken_from_freelist: 5655.
num_chunk_merges: 14.
num_chunk_splits: 3399.
num_chunks_enlarged: 1797.
num_inconsistent_stats: 0.

CodeHeap 'non-profiled nmethods': size=119168Kb used=23364Kb max_used=23364Kb free=95803Kb
 bounds [0x000001f987ba0000, 0x000001f989280000, 0x000001f98f000000]
CodeHeap 'profiled nmethods': size=119104Kb used=57851Kb max_used=57851Kb free=61252Kb
 bounds [0x000001f980000000, 0x000001f983880000, 0x000001f987450000]
CodeHeap 'non-nmethods': size=7488Kb used=1478Kb max_used=3315Kb free=6009Kb
 bounds [0x000001f987450000, 0x000001f9877c0000, 0x000001f987ba0000]
CodeCache: size=245760Kb, used=82693Kb, max_used=84530Kb, free=163064Kb
 total_blobs=22768, nmethods=21977, adapters=693, full_count=0
Compilation: enabled, stopped_count=0, restarted_count=0

Compilation events (20 events):
Event: 1747.724 Thread 0x000001f9d0b35500 22819       4       org.eclipse.core.internal.events.ResourceComparator::compare (383 bytes)
Event: 1747.732 Thread 0x000001f9d0b35500 nmethod 22819 0x000001f989270410 code [0x000001f989270600, 0x000001f989270be0]
Event: 1833.151 Thread 0x000001f9d0b49550 22820       1       org.eclipse.osgi.internal.framework.EquinoxContainer::getStorage (5 bytes)
Event: 1833.151 Thread 0x000001f9d0b49550 nmethod 22820 0x000001f989271010 code [0x000001f9892711a0, 0x000001f989271268]
Event: 1893.165 Thread 0x000001f9d0b49550 22821       3       java.util.concurrent.ScheduledThreadPoolExecutor::triggerTime (22 bytes)
Event: 1893.165 Thread 0x000001f9d0b49550 nmethod 22821 0x000001f983878810 code [0x000001f9838789c0, 0x000001f983878ba0]
Event: 1893.165 Thread 0x000001f9d0b49550 22827   !   3       java.util.concurrent.ScheduledThreadPoolExecutor$DelayedWorkQueue::take (203 bytes)
Event: 1893.167 Thread 0x000001f9d0b49550 nmethod 22827 0x000001f983878c90 code [0x000001f983879060, 0x000001f98387a900]
Event: 1893.167 Thread 0x000001f9d0b49550 22822       3       java.util.concurrent.ScheduledThreadPoolExecutor$DelayedWorkQueue::add (9 bytes)
Event: 1893.167 Thread 0x000001f9d0b49550 nmethod 22822 0x000001f98387b410 code [0x000001f98387b5e0, 0x000001f98387b8b8]
Event: 1893.167 Thread 0x000001f9d0b49550 22823       3       java.util.concurrent.ScheduledThreadPoolExecutor$DelayedWorkQueue::add (6 bytes)
Event: 1893.167 Thread 0x000001f9d0b49550 nmethod 22823 0x000001f98387b990 code [0x000001f98387bb40, 0x000001f98387bc98]
Event: 1893.167 Thread 0x000001f9d0b49550 22824   !   3       java.util.concurrent.ScheduledThreadPoolExecutor$DelayedWorkQueue::offer (123 bytes)
Event: 1893.168 Thread 0x000001f9d0b49550 nmethod 22824 0x000001f98387bd90 code [0x000001f98387c0a0, 0x000001f98387d440]
Event: 1893.168 Thread 0x000001f9d0b49550 22825       3       java.util.concurrent.ThreadPoolExecutor::ensurePrestart (41 bytes)
Event: 1893.169 Thread 0x000001f9d0b49550 nmethod 22825 0x000001f98387dc90 code [0x000001f98387de60, 0x000001f98387e110]
Event: 1893.169 Thread 0x000001f9d0b49550 22826       3       java.util.concurrent.ScheduledThreadPoolExecutor$DelayedWorkQueue::take (5 bytes)
Event: 1893.169 Thread 0x000001f9d0b49550 nmethod 22826 0x000001f98387e210 code [0x000001f98387e3c0, 0x000001f98387e518]
Event: 1906.485 Thread 0x000001f9d0b49550 22828       3       java.util.concurrent.ScheduledThreadPoolExecutor$ScheduledFutureTask::run (57 bytes)
Event: 1906.486 Thread 0x000001f9d0b49550 nmethod 22828 0x000001f98387e610 code [0x000001f98387e840, 0x000001f98387ecd0]

GC Heap History (20 events):
Event: 1449.785 GC heap before
{Heap before GC invocations=1826 (full 3):
 PSYoungGen      total 6656K, used 6624K [0x00000000d5580000, 0x00000000d5d80000, 0x0000000100000000)
  eden space 6144K, 100% used [0x00000000d5580000,0x00000000d5b80000,0x00000000d5b80000)
  from space 512K, 93% used [0x00000000d5d00000,0x00000000d5d78020,0x00000000d5d80000)
  to   space 1024K, 0% used [0x00000000d5b80000,0x00000000d5b80000,0x00000000d5c80000)
 ParOldGen       total 1218048K, used 1217648K [0x0000000080000000, 0x00000000ca580000, 0x00000000d5580000)
  object space 1218048K, 99% used [0x0000000080000000,0x00000000ca51c370,0x00000000ca580000)
 Metaspace       used 77893K, committed 79616K, reserved 1179648K
  class space    used 7721K, committed 8448K, reserved 1048576K
}
Event: 1449.791 GC heap after
{Heap after GC invocations=1826 (full 3):
 PSYoungGen      total 7168K, used 702K [0x00000000d5580000, 0x00000000d5d80000, 0x0000000100000000)
  eden space 6144K, 0% used [0x00000000d5580000,0x00000000d5580000,0x00000000d5b80000)
  from space 1024K, 68% used [0x00000000d5b80000,0x00000000d5c2f8e0,0x00000000d5c80000)
  to   space 1024K, 0% used [0x00000000d5c80000,0x00000000d5c80000,0x00000000d5d80000)
 ParOldGen       total 1218048K, used 1217976K [0x0000000080000000, 0x00000000ca580000, 0x00000000d5580000)
  object space 1218048K, 99% used [0x0000000080000000,0x00000000ca56e390,0x00000000ca580000)
 Metaspace       used 77893K, committed 79616K, reserved 1179648K
  class space    used 7721K, committed 8448K, reserved 1048576K
}
Event: 1449.801 GC heap before
{Heap before GC invocations=1827 (full 3):
 PSYoungGen      total 7168K, used 6846K [0x00000000d5580000, 0x00000000d5d80000, 0x0000000100000000)
  eden space 6144K, 100% used [0x00000000d5580000,0x00000000d5b80000,0x00000000d5b80000)
  from space 1024K, 68% used [0x00000000d5b80000,0x00000000d5c2f8e0,0x00000000d5c80000)
  to   space 1024K, 0% used [0x00000000d5c80000,0x00000000d5c80000,0x00000000d5d80000)
 ParOldGen       total 1218048K, used 1217976K [0x0000000080000000, 0x00000000ca580000, 0x00000000d5580000)
  object space 1218048K, 99% used [0x0000000080000000,0x00000000ca56e390,0x00000000ca580000)
 Metaspace       used 77893K, committed 79616K, reserved 1179648K
  class space    used 7721K, committed 8448K, reserved 1048576K
}
Event: 1449.804 GC heap after
{Heap after GC invocations=1827 (full 3):
 PSYoungGen      total 6656K, used 288K [0x00000000d5580000, 0x00000000d5d00000, 0x0000000100000000)
  eden space 6144K, 0% used [0x00000000d5580000,0x00000000d5580000,0x00000000d5b80000)
  from space 512K, 56% used [0x00000000d5c80000,0x00000000d5cc8000,0x00000000d5d00000)
  to   space 512K, 0% used [0x00000000d5c00000,0x00000000d5c00000,0x00000000d5c80000)
 ParOldGen       total 1218560K, used 1218548K [0x0000000080000000, 0x00000000ca600000, 0x00000000d5580000)
  object space 1218560K, 99% used [0x0000000080000000,0x00000000ca5fd058,0x00000000ca600000)
 Metaspace       used 77893K, committed 79616K, reserved 1179648K
  class space    used 7721K, committed 8448K, reserved 1048576K
}
Event: 1449.816 GC heap before
{Heap before GC invocations=1828 (full 3):
 PSYoungGen      total 6656K, used 6432K [0x00000000d5580000, 0x00000000d5d00000, 0x0000000100000000)
  eden space 6144K, 100% used [0x00000000d5580000,0x00000000d5b80000,0x00000000d5b80000)
  from space 512K, 56% used [0x00000000d5c80000,0x00000000d5cc8000,0x00000000d5d00000)
  to   space 512K, 0% used [0x00000000d5c00000,0x00000000d5c00000,0x00000000d5c80000)
 ParOldGen       total 1218560K, used 1218548K [0x0000000080000000, 0x00000000ca600000, 0x00000000d5580000)
  object space 1218560K, 99% used [0x0000000080000000,0x00000000ca5fd058,0x00000000ca600000)
 Metaspace       used 77893K, committed 79616K, reserved 1179648K
  class space    used 7721K, committed 8448K, reserved 1048576K
}
Event: 1449.819 GC heap after
{Heap after GC invocations=1828 (full 3):
 PSYoungGen      total 7168K, used 384K [0x00000000d5580000, 0x00000000d5e00000, 0x0000000100000000)
  eden space 6656K, 0% used [0x00000000d5580000,0x00000000d5580000,0x00000000d5c00000)
  from space 512K, 75% used [0x00000000d5c00000,0x00000000d5c60020,0x00000000d5c80000)
  to   space 512K, 0% used [0x00000000d5d80000,0x00000000d5d80000,0x00000000d5e00000)
 ParOldGen       total 1219072K, used 1218676K [0x0000000080000000, 0x00000000ca680000, 0x00000000d5580000)
  object space 1219072K, 99% used [0x0000000080000000,0x00000000ca61d058,0x00000000ca680000)
 Metaspace       used 77893K, committed 79616K, reserved 1179648K
  class space    used 7721K, committed 8448K, reserved 1048576K
}
Event: 1449.833 GC heap before
{Heap before GC invocations=1829 (full 3):
 PSYoungGen      total 7168K, used 7040K [0x00000000d5580000, 0x00000000d5e00000, 0x0000000100000000)
  eden space 6656K, 100% used [0x00000000d5580000,0x00000000d5c00000,0x00000000d5c00000)
  from space 512K, 75% used [0x00000000d5c00000,0x00000000d5c60020,0x00000000d5c80000)
  to   space 512K, 0% used [0x00000000d5d80000,0x00000000d5d80000,0x00000000d5e00000)
 ParOldGen       total 1219072K, used 1218676K [0x0000000080000000, 0x00000000ca680000, 0x00000000d5580000)
  object space 1219072K, 99% used [0x0000000080000000,0x00000000ca61d058,0x00000000ca680000)
 Metaspace       used 77893K, committed 79616K, reserved 1179648K
  class space    used 7721K, committed 8448K, reserved 1048576K
}
Event: 1449.836 GC heap after
{Heap after GC invocations=1829 (full 3):
 PSYoungGen      total 7168K, used 480K [0x00000000d5580000, 0x00000000d5e00000, 0x0000000100000000)
  eden space 6656K, 0% used [0x00000000d5580000,0x00000000d5580000,0x00000000d5c00000)
  from space 512K, 93% used [0x00000000d5d80000,0x00000000d5df8020,0x00000000d5e00000)
  to   space 1024K, 0% used [0x00000000d5c00000,0x00000000d5c00000,0x00000000d5d00000)
 ParOldGen       total 1219072K, used 1219004K [0x0000000080000000, 0x00000000ca680000, 0x00000000d5580000)
  object space 1219072K, 99% used [0x0000000080000000,0x00000000ca66f058,0x00000000ca680000)
 Metaspace       used 77893K, committed 79616K, reserved 1179648K
  class space    used 7721K, committed 8448K, reserved 1048576K
}
Event: 1449.851 GC heap before
{Heap before GC invocations=1830 (full 3):
 PSYoungGen      total 7168K, used 7136K [0x00000000d5580000, 0x00000000d5e00000, 0x0000000100000000)
  eden space 6656K, 100% used [0x00000000d5580000,0x00000000d5c00000,0x00000000d5c00000)
  from space 512K, 93% used [0x00000000d5d80000,0x00000000d5df8020,0x00000000d5e00000)
  to   space 1024K, 0% used [0x00000000d5c00000,0x00000000d5c00000,0x00000000d5d00000)
 ParOldGen       total 1219072K, used 1219004K [0x0000000080000000, 0x00000000ca680000, 0x00000000d5580000)
  object space 1219072K, 99% used [0x0000000080000000,0x00000000ca66f058,0x00000000ca680000)
 Metaspace       used 77893K, committed 79616K, reserved 1179648K
  class space    used 7721K, committed 8448K, reserved 1048576K
}
Event: 1449.857 GC heap after
{Heap after GC invocations=1830 (full 3):
 PSYoungGen      total 7680K, used 704K [0x00000000d5580000, 0x00000000d5f80000, 0x0000000100000000)
  eden space 6656K, 0% used [0x00000000d5580000,0x00000000d5580000,0x00000000d5c00000)
  from space 1024K, 68% used [0x00000000d5c00000,0x00000000d5cb0020,0x00000000d5d00000)
  to   space 1024K, 0% used [0x00000000d5e80000,0x00000000d5e80000,0x00000000d5f80000)
 ParOldGen       total 1219584K, used 1219364K [0x0000000080000000, 0x00000000ca700000, 0x00000000d5580000)
  object space 1219584K, 99% used [0x0000000080000000,0x00000000ca6c9058,0x00000000ca700000)
 Metaspace       used 77893K, committed 79616K, reserved 1179648K
  class space    used 7721K, committed 8448K, reserved 1048576K
}
Event: 1449.878 GC heap before
{Heap before GC invocations=1831 (full 3):
 PSYoungGen      total 7680K, used 7360K [0x00000000d5580000, 0x00000000d5f80000, 0x0000000100000000)
  eden space 6656K, 100% used [0x00000000d5580000,0x00000000d5c00000,0x00000000d5c00000)
  from space 1024K, 68% used [0x00000000d5c00000,0x00000000d5cb0020,0x00000000d5d00000)
  to   space 1024K, 0% used [0x00000000d5e80000,0x00000000d5e80000,0x00000000d5f80000)
 ParOldGen       total 1219584K, used 1219364K [0x0000000080000000, 0x00000000ca700000, 0x00000000d5580000)
  object space 1219584K, 99% used [0x0000000080000000,0x00000000ca6c9058,0x00000000ca700000)
 Metaspace       used 77893K, committed 79616K, reserved 1179648K
  class space    used 7721K, committed 8448K, reserved 1048576K
}
Event: 1449.883 GC heap after
{Heap after GC invocations=1831 (full 3):
 PSYoungGen      total 9216K, used 864K [0x00000000d5580000, 0x00000000d5f80000, 0x0000000100000000)
  eden space 8192K, 0% used [0x00000000d5580000,0x00000000d5580000,0x00000000d5d80000)
  from space 1024K, 84% used [0x00000000d5e80000,0x00000000d5f58020,0x00000000d5f80000)
  to   space 1024K, 0% used [0x00000000d5d80000,0x00000000d5d80000,0x00000000d5e80000)
 ParOldGen       total 1220096K, used 1219972K [0x0000000080000000, 0x00000000ca780000, 0x00000000d5580000)
  object space 1220096K, 99% used [0x0000000080000000,0x00000000ca761078,0x00000000ca780000)
 Metaspace       used 77893K, committed 79616K, reserved 1179648K
  class space    used 7721K, committed 8448K, reserved 1048576K
}
Event: 1449.902 GC heap before
{Heap before GC invocations=1832 (full 3):
 PSYoungGen      total 9216K, used 9056K [0x00000000d5580000, 0x00000000d5f80000, 0x0000000100000000)
  eden space 8192K, 100% used [0x00000000d5580000,0x00000000d5d80000,0x00000000d5d80000)
  from space 1024K, 84% used [0x00000000d5e80000,0x00000000d5f58020,0x00000000d5f80000)
  to   space 1024K, 0% used [0x00000000d5d80000,0x00000000d5d80000,0x00000000d5e80000)
 ParOldGen       total 1220096K, used 1219972K [0x0000000080000000, 0x00000000ca780000, 0x00000000d5580000)
  object space 1220096K, 99% used [0x0000000080000000,0x00000000ca761078,0x00000000ca780000)
 Metaspace       used 77893K, committed 79616K, reserved 1179648K
  class space    used 7721K, committed 8448K, reserved 1048576K
}
Event: 1449.906 GC heap after
{Heap after GC invocations=1832 (full 3):
 PSYoungGen      total 9216K, used 752K [0x00000000d5580000, 0x00000000d5f80000, 0x0000000100000000)
  eden space 8192K, 0% used [0x00000000d5580000,0x00000000d5580000,0x00000000d5d80000)
  from space 1024K, 73% used [0x00000000d5d80000,0x00000000d5e3c010,0x00000000d5e80000)
  to   space 1024K, 0% used [0x00000000d5e80000,0x00000000d5e80000,0x00000000d5f80000)
 ParOldGen       total 1220608K, used 1220606K [0x0000000080000000, 0x00000000ca800000, 0x00000000d5580000)
  object space 1220608K, 99% used [0x0000000080000000,0x00000000ca7ffa58,0x00000000ca800000)
 Metaspace       used 77893K, committed 79616K, reserved 1179648K
  class space    used 7721K, committed 8448K, reserved 1048576K
}
Event: 1450.011 GC heap before
{Heap before GC invocations=1833 (full 3):
 PSYoungGen      total 9216K, used 8944K [0x00000000d5580000, 0x00000000d5f80000, 0x0000000100000000)
  eden space 8192K, 100% used [0x00000000d5580000,0x00000000d5d80000,0x00000000d5d80000)
  from space 1024K, 73% used [0x00000000d5d80000,0x00000000d5e3c010,0x00000000d5e80000)
  to   space 1024K, 0% used [0x00000000d5e80000,0x00000000d5e80000,0x00000000d5f80000)
 ParOldGen       total 1220608K, used 1220606K [0x0000000080000000, 0x00000000ca800000, 0x00000000d5580000)
  object space 1220608K, 99% used [0x0000000080000000,0x00000000ca7ffa58,0x00000000ca800000)
 Metaspace       used 77893K, committed 79616K, reserved 1179648K
  class space    used 7721K, committed 8448K, reserved 1048576K
}
Event: 1450.017 GC heap after
{Heap after GC invocations=1833 (full 3):
 PSYoungGen      total 6656K, used 1015K [0x00000000d5580000, 0x00000000d6480000, 0x0000000100000000)
  eden space 5632K, 0% used [0x00000000d5580000,0x00000000d5580000,0x00000000d5b00000)
  from space 1024K, 99% used [0x00000000d5e80000,0x00000000d5f7dcf0,0x00000000d5f80000)
  to   space 3584K, 0% used [0x00000000d5b00000,0x00000000d5b00000,0x00000000d5e80000)
 ParOldGen       total 1223168K, used 1222759K [0x0000000080000000, 0x00000000caa80000, 0x00000000d5580000)
  object space 1223168K, 99% used [0x0000000080000000,0x00000000caa19d10,0x00000000caa80000)
 Metaspace       used 77893K, committed 79616K, reserved 1179648K
  class space    used 7721K, committed 8448K, reserved 1048576K
}
Event: 1450.043 GC heap before
{Heap before GC invocations=1834 (full 3):
 PSYoungGen      total 6656K, used 6647K [0x00000000d5580000, 0x00000000d6480000, 0x0000000100000000)
  eden space 5632K, 100% used [0x00000000d5580000,0x00000000d5b00000,0x00000000d5b00000)
  from space 1024K, 99% used [0x00000000d5e80000,0x00000000d5f7dcf0,0x00000000d5f80000)
  to   space 3584K, 0% used [0x00000000d5b00000,0x00000000d5b00000,0x00000000d5e80000)
 ParOldGen       total 1223168K, used 1222759K [0x0000000080000000, 0x00000000caa80000, 0x00000000d5580000)
  object space 1223168K, 99% used [0x0000000080000000,0x00000000caa19d10,0x00000000caa80000)
 Metaspace       used 77893K, committed 79616K, reserved 1179648K
  class space    used 7721K, committed 8448K, reserved 1048576K
}
Event: 1450.048 GC heap after
{Heap after GC invocations=1834 (full 3):
 PSYoungGen      total 6656K, used 576K [0x00000000d5580000, 0x00000000d5f00000, 0x0000000100000000)
  eden space 5632K, 0% used [0x00000000d5580000,0x00000000d5580000,0x00000000d5b00000)
  from space 1024K, 56% used [0x00000000d5b00000,0x00000000d5b90020,0x00000000d5c00000)
  to   space 1536K, 0% used [0x00000000d5d80000,0x00000000d5d80000,0x00000000d5f00000)
 ParOldGen       total 1224192K, used 1223811K [0x0000000080000000, 0x00000000cab80000, 0x00000000d5580000)
  object space 1224192K, 99% used [0x0000000080000000,0x00000000cab20c98,0x00000000cab80000)
 Metaspace       used 77893K, committed 79616K, reserved 1179648K
  class space    used 7721K, committed 8448K, reserved 1048576K
}
Event: 1450.126 GC heap before
{Heap before GC invocations=1835 (full 3):
 PSYoungGen      total 6656K, used 6208K [0x00000000d5580000, 0x00000000d5f00000, 0x0000000100000000)
  eden space 5632K, 100% used [0x00000000d5580000,0x00000000d5b00000,0x00000000d5b00000)
  from space 1024K, 56% used [0x00000000d5b00000,0x00000000d5b90020,0x00000000d5c00000)
  to   space 1536K, 0% used [0x00000000d5d80000,0x00000000d5d80000,0x00000000d5f00000)
 ParOldGen       total 1224192K, used 1223811K [0x0000000080000000, 0x00000000cab80000, 0x00000000d5580000)
  object space 1224192K, 99% used [0x0000000080000000,0x00000000cab20c98,0x00000000cab80000)
 Metaspace       used 77902K, committed 79616K, reserved 1179648K
  class space    used 7721K, committed 8448K, reserved 1048576K
}
Event: 1450.131 GC heap after
{Heap after GC invocations=1835 (full 3):
 PSYoungGen      total 7168K, used 1184K [0x00000000d5580000, 0x00000000d5f00000, 0x0000000100000000)
  eden space 5632K, 0% used [0x00000000d5580000,0x00000000d5580000,0x00000000d5b00000)
  from space 1536K, 77% used [0x00000000d5d80000,0x00000000d5ea8020,0x00000000d5f00000)
  to   space 1536K, 0% used [0x00000000d5c00000,0x00000000d5c00000,0x00000000d5d80000)
 ParOldGen       total 1224704K, used 1224223K [0x0000000080000000, 0x00000000cac00000, 0x00000000d5580000)
  object space 1224704K, 99% used [0x0000000080000000,0x00000000cab87fa0,0x00000000cac00000)
 Metaspace       used 77902K, committed 79616K, reserved 1179648K
  class space    used 7721K, committed 8448K, reserved 1048576K
}

Dll operation events (10 events):
Event: 0.025 Loaded shared library c:\Users\19795\.cursor\extensions\redhat.java-1.44.0-win32-x64\jre\21.0.8-win32-x86_64\bin\java.dll
Event: 0.083 Loaded shared library c:\Users\19795\.cursor\extensions\redhat.java-1.44.0-win32-x64\jre\21.0.8-win32-x86_64\bin\zip.dll
Event: 0.248 Loaded shared library C:\Users\19795\.cursor\extensions\redhat.java-1.44.0-win32-x64\jre\21.0.8-win32-x86_64\bin\instrument.dll
Event: 0.258 Loaded shared library C:\Users\19795\.cursor\extensions\redhat.java-1.44.0-win32-x64\jre\21.0.8-win32-x86_64\bin\net.dll
Event: 0.263 Loaded shared library C:\Users\19795\.cursor\extensions\redhat.java-1.44.0-win32-x64\jre\21.0.8-win32-x86_64\bin\nio.dll
Event: 0.269 Loaded shared library C:\Users\19795\.cursor\extensions\redhat.java-1.44.0-win32-x64\jre\21.0.8-win32-x86_64\bin\zip.dll
Event: 0.295 Loaded shared library C:\Users\19795\.cursor\extensions\redhat.java-1.44.0-win32-x64\jre\21.0.8-win32-x86_64\bin\jimage.dll
Event: 0.446 Loaded shared library c:\Users\19795\.cursor\extensions\redhat.java-1.44.0-win32-x64\jre\21.0.8-win32-x86_64\bin\verify.dll
Event: 2.981 Loaded shared library C:\Users\19795\AppData\Roaming\Cursor\User\globalStorage\redhat.java\1.44.0\config_win\org.eclipse.equinox.launcher\org.eclipse.equinox.launcher.win32.win32.x86_64_1.2.1400.v20250730-1736\eclipse_11913.dll
Event: 7.341 Loaded shared library C:\Users\19795\AppData\Local\Temp\jna-47005291\jna3210228292692748159.dll

Deoptimization events (20 events):
Event: 1450.093 Thread 0x000001f9d79a54b0 Uncommon trap: trap_request=0xffffff76 fr.pc=0x000001f9891ffec8 relative=0x0000000000001348
Event: 1450.093 Thread 0x000001f9d79a54b0 Uncommon trap: reason=predicate action=maybe_recompile pc=0x000001f9891ffec8 method=java.util.TimSort.mergeLo(IIII)V @ 270 c2
Event: 1450.093 Thread 0x000001f9d79a54b0 DEOPT PACKING pc=0x000001f9891ffec8 sp=0x0000002ac91fe290
Event: 1450.093 Thread 0x000001f9d79a54b0 DEOPT UNPACKING pc=0x000001f9874a3aa2 sp=0x0000002ac91fe278 mode 2
Event: 1747.592 Thread 0x000001f9d9a95160 Uncommon trap: trap_request=0xffffffbe fr.pc=0x000001f9891ee8f8 relative=0x0000000000000cf8
Event: 1747.592 Thread 0x000001f9d9a95160 Uncommon trap: reason=profile_predicate action=maybe_recompile pc=0x000001f9891ee8f8 method=java.io.DataOutputStream.writeUTF(Ljava/lang/String;Ljava/io/DataOutput;)I @ 168 c2
Event: 1747.592 Thread 0x000001f9d9a95160 DEOPT PACKING pc=0x000001f9891ee8f8 sp=0x0000002acadfeb70
Event: 1747.592 Thread 0x000001f9d9a95160 DEOPT UNPACKING pc=0x000001f9874a3aa2 sp=0x0000002acadfeb48 mode 2
Event: 1747.592 Thread 0x000001f9d9a95160 Uncommon trap: trap_request=0xffffffbe fr.pc=0x000001f9891ee8f8 relative=0x0000000000000cf8
Event: 1747.592 Thread 0x000001f9d9a95160 Uncommon trap: reason=profile_predicate action=maybe_recompile pc=0x000001f9891ee8f8 method=java.io.DataOutputStream.writeUTF(Ljava/lang/String;Ljava/io/DataOutput;)I @ 168 c2
Event: 1747.592 Thread 0x000001f9d9a95160 DEOPT PACKING pc=0x000001f9891ee8f8 sp=0x0000002acadfeac0
Event: 1747.592 Thread 0x000001f9d9a95160 DEOPT UNPACKING pc=0x000001f9874a3aa2 sp=0x0000002acadfea98 mode 2
Event: 1747.592 Thread 0x000001f9d9a95160 Uncommon trap: trap_request=0xffffffc6 fr.pc=0x000001f9886e9a94 relative=0x0000000000001374
Event: 1747.592 Thread 0x000001f9d9a95160 Uncommon trap: reason=bimorphic_or_optimized_type_check action=maybe_recompile pc=0x000001f9886e9a94 method=java.io.DataOutputStream.write([BII)V @ 7 c2
Event: 1747.592 Thread 0x000001f9d9a95160 DEOPT PACKING pc=0x000001f9886e9a94 sp=0x0000002acadfe700
Event: 1747.592 Thread 0x000001f9d9a95160 DEOPT UNPACKING pc=0x000001f9874a3aa2 sp=0x0000002acadfe660 mode 2
Event: 1747.594 Thread 0x000001f9d9a95160 Uncommon trap: trap_request=0xffffffc6 fr.pc=0x000001f9886e9a94 relative=0x0000000000001374
Event: 1747.594 Thread 0x000001f9d9a95160 Uncommon trap: reason=bimorphic_or_optimized_type_check action=maybe_recompile pc=0x000001f9886e9a94 method=java.io.DataOutputStream.write([BII)V @ 7 c2
Event: 1747.594 Thread 0x000001f9d9a95160 DEOPT PACKING pc=0x000001f9886e9a94 sp=0x0000002acadfe6c0
Event: 1747.594 Thread 0x000001f9d9a95160 DEOPT UNPACKING pc=0x000001f9874a3aa2 sp=0x0000002acadfe620 mode 2

Classes loaded (20 events):
Event: 318.396 Loading class java/util/stream/Nodes$ConcNode
Event: 318.396 Loading class java/util/stream/Nodes$AbstractConcNode
Event: 318.396 Loading class java/util/stream/Nodes$AbstractConcNode done
Event: 318.396 Loading class java/util/stream/Nodes$ConcNode done
Event: 887.594 Loading class java/util/stream/SliceOps
Event: 887.595 Loading class java/util/stream/SliceOps done
Event: 887.596 Loading class java/util/stream/SliceOps$1
Event: 887.596 Loading class java/util/stream/SliceOps$1 done
Event: 887.605 Loading class java/util/stream/SliceOps$1$1
Event: 887.605 Loading class java/util/stream/SliceOps$1$1 done
Event: 890.005 Loading class jdk/internal/module/IllegalAccessLogger
Event: 890.005 Loading class jdk/internal/module/IllegalAccessLogger done
Event: 890.113 Loading class java/util/stream/DistinctOps
Event: 890.114 Loading class java/util/stream/DistinctOps done
Event: 890.114 Loading class java/util/stream/DistinctOps$1
Event: 890.115 Loading class java/util/stream/DistinctOps$1 done
Event: 890.117 Loading class java/util/stream/DistinctOps$1$2
Event: 890.118 Loading class java/util/stream/DistinctOps$1$2 done
Event: 1447.820 Loading class jdk/internal/module/IllegalAccessLogger
Event: 1447.820 Loading class jdk/internal/module/IllegalAccessLogger done

Classes unloaded (7 events):
Event: 8.939 Thread 0x000001f9f7de3840 Unloading class 0x000001f9901acc00 'java/lang/invoke/LambdaForm$MH+0x000001f9901acc00'
Event: 8.939 Thread 0x000001f9f7de3840 Unloading class 0x000001f9901ac800 'java/lang/invoke/LambdaForm$MH+0x000001f9901ac800'
Event: 8.939 Thread 0x000001f9f7de3840 Unloading class 0x000001f9901ac400 'java/lang/invoke/LambdaForm$MH+0x000001f9901ac400'
Event: 8.939 Thread 0x000001f9f7de3840 Unloading class 0x000001f9901ac000 'java/lang/invoke/LambdaForm$MH+0x000001f9901ac000'
Event: 8.939 Thread 0x000001f9f7de3840 Unloading class 0x000001f9901abc00 'java/lang/invoke/LambdaForm$BMH+0x000001f9901abc00'
Event: 8.939 Thread 0x000001f9f7de3840 Unloading class 0x000001f9901ab800 'java/lang/invoke/LambdaForm$DMH+0x000001f9901ab800'
Event: 8.939 Thread 0x000001f9f7de3840 Unloading class 0x000001f9901aa800 'java/lang/invoke/LambdaForm$DMH+0x000001f9901aa800'

Classes redefined (0 events):
No events

Internal exceptions (20 events):
Event: 876.198 Thread 0x000001f9d79a7580 Exception <a 'java/lang/NullPointerException'{0x00000000d5901868}> (0x00000000d5901868) 
thrown [s\src\hotspot\share\runtime\sharedRuntime.cpp, line 625]
Event: 876.463 Thread 0x000001f9db45ff40 Exception <a 'java/lang/NoSuchMethodError'{0x00000000d579cb28}: 'void java.lang.invoke.DirectMethodHandle$Holder.invokeVirtual(java.lang.Object, java.lang.Object, java.lang.Object, java.lang.Object, java.lang.Object)'> (0x00000000d579cb28) 
thrown [s\src\hotspot\share\interpreter\linkResolver.cpp, line 773]
Event: 885.300 Thread 0x000001f9d79a7580 Implicit null exception at 0x000001f982adbc9c to 0x000001f982adc76a
Event: 885.300 Thread 0x000001f9d79a7580 Exception <a 'java/lang/NullPointerException'{0x00000000d570e0e8}> (0x00000000d570e0e8) 
thrown [s\src\hotspot\share\runtime\sharedRuntime.cpp, line 625]
Event: 885.367 Thread 0x000001f9d79a8930 Implicit null exception at 0x000001f982adbc9c to 0x000001f982adc76a
Event: 885.367 Thread 0x000001f9d79a8930 Exception <a 'java/lang/NullPointerException'{0x00000000d57e8c20}> (0x00000000d57e8c20) 
thrown [s\src\hotspot\share\runtime\sharedRuntime.cpp, line 625]
Event: 887.510 Thread 0x000001f9db45bda0 Exception <a 'java/lang/IncompatibleClassChangeError'{0x00000000d5b085c0}: Found class java.lang.Object, but interface was expected> (0x00000000d5b085c0) 
thrown [s\src\hotspot\share\interpreter\linkResolver.cpp, line 840]
Event: 887.515 Thread 0x000001f9db4626a0 Exception <a 'java/lang/NoSuchMethodError'{0x00000000d5b385c0}: 'void java.lang.invoke.DirectMethodHandle$Holder.invokeSpecial(java.lang.Object, java.lang.Object, int)'> (0x00000000d5b385c0) 
thrown [s\src\hotspot\share\interpreter\linkResolver.cpp, line 773]
Event: 887.729 Thread 0x000001f9d79a7580 Implicit null exception at 0x000001f982adbc9c to 0x000001f982adc76a
Event: 887.729 Thread 0x000001f9d79a7580 Exception <a 'java/lang/NullPointerException'{0x00000000d601fbb8}> (0x00000000d601fbb8) 
thrown [s\src\hotspot\share\runtime\sharedRuntime.cpp, line 625]
Event: 888.094 Thread 0x000001f9db45bda0 Exception <a 'java/lang/IncompatibleClassChangeError'{0x00000000d5615fe0}: Found class java.lang.Object, but interface was expected> (0x00000000d5615fe0) 
thrown [s\src\hotspot\share\interpreter\linkResolver.cpp, line 840]
Event: 888.096 Thread 0x000001f9db45bda0 Exception <a 'java/lang/IncompatibleClassChangeError'{0x00000000d561a218}: Found class java.lang.Object, but interface was expected> (0x00000000d561a218) 
thrown [s\src\hotspot\share\interpreter\linkResolver.cpp, line 840]
Event: 889.817 Thread 0x000001f9db45bda0 Implicit null exception at 0x000001f982adbc9c to 0x000001f982adc76a
Event: 889.817 Thread 0x000001f9db45bda0 Exception <a 'java/lang/NullPointerException'{0x00000000d57a1ba0}> (0x00000000d57a1ba0) 
thrown [s\src\hotspot\share\runtime\sharedRuntime.cpp, line 625]
Event: 889.835 Thread 0x000001f9db45bda0 Implicit null exception at 0x000001f982adbc9c to 0x000001f982adc76a
Event: 889.835 Thread 0x000001f9db45bda0 Exception <a 'java/lang/NullPointerException'{0x00000000d5914d08}> (0x00000000d5914d08) 
thrown [s\src\hotspot\share\runtime\sharedRuntime.cpp, line 625]
Event: 889.836 Thread 0x000001f9d79a54b0 Exception <a 'sun/nio/fs/WindowsException'{0x00000000d58277f8}> (0x00000000d58277f8) 
thrown [s\src\hotspot\share\prims\jni.cpp, line 520]
Event: 890.384 Thread 0x000001f9d79a54b0 Exception <a 'sun/nio/fs/WindowsException'{0x00000000d5595de0}> (0x00000000d5595de0) 
thrown [s\src\hotspot\share\prims\jni.cpp, line 520]
Event: 1447.590 Thread 0x000001f9d79a54b0 Exception <a 'sun/nio/fs/WindowsException'{0x00000000d5d90840}> (0x00000000d5d90840) 
thrown [s\src\hotspot\share\prims\jni.cpp, line 520]
Event: 1449.065 Thread 0x000001f9d79a54b0 Exception <a 'sun/nio/fs/WindowsException'{0x00000000d563deb0}> (0x00000000d563deb0) 
thrown [s\src\hotspot\share\prims\jni.cpp, line 520]

ZGC Phase Switch (0 events):
No events

VM Operations (20 events):
Event: 1449.902 Executing VM operation: ParallelGCFailedAllocation (Allocation Failure)
Event: 1449.906 Executing VM operation: ParallelGCFailedAllocation (Allocation Failure) done
Event: 1450.011 Executing VM operation: ParallelGCFailedAllocation (Allocation Failure)
Event: 1450.017 Executing VM operation: ParallelGCFailedAllocation (Allocation Failure) done
Event: 1450.043 Executing VM operation: ParallelGCFailedAllocation (Allocation Failure)
Event: 1450.048 Executing VM operation: ParallelGCFailedAllocation (Allocation Failure) done
Event: 1450.126 Executing VM operation: ParallelGCFailedAllocation (Allocation Failure)
Event: 1450.132 Executing VM operation: ParallelGCFailedAllocation (Allocation Failure) done
Event: 1452.137 Executing VM operation: Cleanup
Event: 1452.137 Executing VM operation: Cleanup done
Event: 1503.238 Executing VM operation: HandshakeAllThreads (HandshakeForDeflation)
Event: 1503.238 Executing VM operation: HandshakeAllThreads (HandshakeForDeflation) done
Event: 1503.238 Executing VM operation: RendezvousGCThreads
Event: 1503.238 Executing VM operation: RendezvousGCThreads done
Event: 1748.376 Executing VM operation: Cleanup
Event: 1748.376 Executing VM operation: Cleanup done
Event: 1803.756 Executing VM operation: HandshakeAllThreads (HandshakeForDeflation)
Event: 1803.756 Executing VM operation: HandshakeAllThreads (HandshakeForDeflation) done
Event: 1803.756 Executing VM operation: RendezvousGCThreads
Event: 1803.756 Executing VM operation: RendezvousGCThreads done

Memory protections (0 events):
No events

Nmethod flushes (20 events):
Event: 27.351 Thread 0x000001f9f7de3840 flushing  nmethod 0x000001f980a1ce10
Event: 27.351 Thread 0x000001f9f7de3840 flushing  nmethod 0x000001f980a5bb90
Event: 27.351 Thread 0x000001f9f7de3840 flushing osr nmethod 0x000001f980a65d90
Event: 27.351 Thread 0x000001f9f7de3840 flushing  nmethod 0x000001f980a6e810
Event: 27.351 Thread 0x000001f9f7de3840 flushing  nmethod 0x000001f980a77a90
Event: 27.351 Thread 0x000001f9f7de3840 flushing  nmethod 0x000001f980a7bf10
Event: 27.351 Thread 0x000001f9f7de3840 flushing  nmethod 0x000001f980a7dd10
Event: 27.351 Thread 0x000001f9f7de3840 flushing  nmethod 0x000001f980a80090
Event: 27.351 Thread 0x000001f9f7de3840 flushing  nmethod 0x000001f980a83290
Event: 27.351 Thread 0x000001f9f7de3840 flushing  nmethod 0x000001f980a97010
Event: 27.351 Thread 0x000001f9f7de3840 flushing  nmethod 0x000001f980a98090
Event: 27.351 Thread 0x000001f9f7de3840 flushing  nmethod 0x000001f980adf910
Event: 27.351 Thread 0x000001f9f7de3840 flushing  nmethod 0x000001f980ae0990
Event: 27.351 Thread 0x000001f9f7de3840 flushing  nmethod 0x000001f980ae0f90
Event: 27.351 Thread 0x000001f9f7de3840 flushing  nmethod 0x000001f980ae1810
Event: 27.351 Thread 0x000001f9f7de3840 flushing  nmethod 0x000001f980ae2790
Event: 27.351 Thread 0x000001f9f7de3840 flushing  nmethod 0x000001f980ae3110
Event: 27.351 Thread 0x000001f9f7de3840 flushing  nmethod 0x000001f980ae4c10
Event: 27.351 Thread 0x000001f9f7de3840 flushing  nmethod 0x000001f980ae9b10
Event: 27.351 Thread 0x000001f9f7de3840 flushing  nmethod 0x000001f980b24190

Events (20 events):
Event: 1447.983 Thread 0x000001f9d0b49550 Thread added: 0x000001f9d709d690
Event: 1448.315 Thread 0x000001f9d709d690 Thread exited: 0x000001f9d709d690
Event: 1448.733 Thread 0x000001f9d709dd60 Thread exited: 0x000001f9d709dd60
Event: 1449.389 Thread 0x000001f9d709ff70 Thread added: 0x000001f9d709eb00
Event: 1449.782 Thread 0x000001f9d709eb00 Thread exited: 0x000001f9d709eb00
Event: 1449.832 Thread 0x000001f9d709ff70 Thread exited: 0x000001f9d709ff70
Event: 1450.148 Thread 0x000001f9d0b49550 Thread added: 0x000001f9d709ff70
Event: 1450.191 Thread 0x000001f9d0b49550 Thread added: 0x000001f9d709e430
Event: 1455.355 Thread 0x000001f9d709e430 Thread exited: 0x000001f9d709e430
Event: 1460.278 Thread 0x000001f9d709ff70 Thread exited: 0x000001f9d709ff70
Event: 1489.928 Thread 0x000001f9db45eb90 Thread exited: 0x000001f9db45eb90
Event: 1508.108 Thread 0x000001f9d9a96510 Thread exited: 0x000001f9d9a96510
Event: 1549.935 Thread 0x000001f9d7c00970 Thread exited: 0x000001f9d7c00970
Event: 1609.949 Thread 0x000001f9db4612f0 Thread exited: 0x000001f9db4612f0
Event: 1669.957 Thread 0x000001f9db462010 Thread exited: 0x000001f9db462010
Event: 1729.966 Thread 0x000001f9d7c023b0 Thread exited: 0x000001f9d7c023b0
Event: 1747.587 Thread 0x000001f9d9a95160 Thread added: 0x000001f9d9a93720
Event: 1747.587 Thread 0x000001f9d9a93720 Thread exited: 0x000001f9d9a93720
Event: 1747.737 Thread 0x000001f9d9a92a00 Thread exited: 0x000001f9d9a92a00
Event: 1789.978 Thread 0x000001f9d7c06be0 Thread exited: 0x000001f9d7c06be0


Dynamic libraries:
0x00007ff68ba30000 - 0x00007ff68ba3e000 	c:\Users\19795\.cursor\extensions\redhat.java-1.44.0-win32-x64\jre\21.0.8-win32-x86_64\bin\java.exe
0x00007fffe0da0000 - 0x00007fffe1008000 	C:\WINDOWS\SYSTEM32\ntdll.dll
0x00007fffdf9e0000 - 0x00007fffdfaa9000 	C:\WINDOWS\System32\KERNEL32.DLL
0x00007fffde1e0000 - 0x00007fffde5cd000 	C:\WINDOWS\System32\KERNELBASE.dll
0x00007fffde930000 - 0x00007fffdea7b000 	C:\WINDOWS\System32\ucrtbase.dll
0x00007fffd2a90000 - 0x00007fffd2aa8000 	c:\Users\19795\.cursor\extensions\redhat.java-1.44.0-win32-x64\jre\21.0.8-win32-x86_64\bin\jli.dll
0x00007fff9b990000 - 0x00007fff9b9ae000 	c:\Users\19795\.cursor\extensions\redhat.java-1.44.0-win32-x64\jre\21.0.8-win32-x86_64\bin\VCRUNTIME140.dll
0x00007fffdf810000 - 0x00007fffdf9dc000 	C:\WINDOWS\System32\USER32.dll
0x00007fffddef0000 - 0x00007fffddf17000 	C:\WINDOWS\System32\win32u.dll
0x00007fffe0520000 - 0x00007fffe054b000 	C:\WINDOWS\System32\GDI32.dll
0x00007fffddf20000 - 0x00007fffde057000 	C:\WINDOWS\System32\gdi32full.dll
0x00007fffde5d0000 - 0x00007fffde673000 	C:\WINDOWS\System32\msvcp_win.dll
0x00007fffc0ac0000 - 0x00007fffc0d5a000 	C:\WINDOWS\WinSxS\amd64_microsoft.windows.common-controls_6595b64144ccf1df_6.0.26100.4484_none_3e0e6d4ce32ef3b3\COMCTL32.dll
0x00007fffe0cb0000 - 0x00007fffe0d59000 	C:\WINDOWS\System32\msvcrt.dll
0x00007fffdeda0000 - 0x00007fffdedcf000 	C:\WINDOWS\System32\IMM32.DLL
0x00007fffc1fc0000 - 0x00007fffc1fcc000 	c:\Users\19795\.cursor\extensions\redhat.java-1.44.0-win32-x64\jre\21.0.8-win32-x86_64\bin\vcruntime140_1.dll
0x00007fff76070000 - 0x00007fff760fd000 	c:\Users\19795\.cursor\extensions\redhat.java-1.44.0-win32-x64\jre\21.0.8-win32-x86_64\bin\msvcp140.dll
0x00007ffeeabf0000 - 0x00007ffeeb987000 	c:\Users\19795\.cursor\extensions\redhat.java-1.44.0-win32-x64\jre\21.0.8-win32-x86_64\bin\server\jvm.dll
0x00007fffe0250000 - 0x00007fffe0304000 	C:\WINDOWS\System32\ADVAPI32.dll
0x00007fffdff40000 - 0x00007fffdffe6000 	C:\WINDOWS\System32\sechost.dll
0x00007fffdf030000 - 0x00007fffdf148000 	C:\WINDOWS\System32\RPCRT4.dll
0x00007fffe00d0000 - 0x00007fffe0144000 	C:\WINDOWS\System32\WS2_32.dll
0x00007fffd58c0000 - 0x00007fffd58f5000 	C:\WINDOWS\SYSTEM32\WINMM.dll
0x00007fffdd7e0000 - 0x00007fffdd83e000 	C:\WINDOWS\SYSTEM32\POWRPROF.dll
0x00007fffd60f0000 - 0x00007fffd60fb000 	C:\WINDOWS\SYSTEM32\VERSION.dll
0x00007fffdd7c0000 - 0x00007fffdd7d4000 	C:\WINDOWS\SYSTEM32\UMPDC.dll
0x00007fffdcc90000 - 0x00007fffdccab000 	C:\WINDOWS\SYSTEM32\kernel.appcore.dll
0x00007fffc01a0000 - 0x00007fffc01aa000 	c:\Users\19795\.cursor\extensions\redhat.java-1.44.0-win32-x64\jre\21.0.8-win32-x86_64\bin\jimage.dll
0x00007fffdb480000 - 0x00007fffdb6c1000 	C:\WINDOWS\SYSTEM32\DBGHELP.DLL
0x00007fffdfab0000 - 0x00007fffdfe36000 	C:\WINDOWS\System32\combase.dll
0x00007fffdeb40000 - 0x00007fffdec20000 	C:\WINDOWS\System32\OLEAUT32.dll
0x00007fffc0940000 - 0x00007fffc0983000 	C:\WINDOWS\SYSTEM32\dbgcore.DLL
0x00007fffde680000 - 0x00007fffde719000 	C:\WINDOWS\System32\bcryptPrimitives.dll
0x00007fffc0100000 - 0x00007fffc010f000 	c:\Users\19795\.cursor\extensions\redhat.java-1.44.0-win32-x64\jre\21.0.8-win32-x86_64\bin\instrument.dll
0x00007fff9ac20000 - 0x00007fff9ac3f000 	c:\Users\19795\.cursor\extensions\redhat.java-1.44.0-win32-x64\jre\21.0.8-win32-x86_64\bin\java.dll
0x00007fffe0560000 - 0x00007fffe0caa000 	C:\WINDOWS\System32\SHELL32.dll
0x00007fffde7b0000 - 0x00007fffde924000 	C:\WINDOWS\System32\wintypes.dll
0x00007fffdbb50000 - 0x00007fffdc3ab000 	C:\WINDOWS\SYSTEM32\windows.storage.dll
0x00007fffe0150000 - 0x00007fffe0245000 	C:\WINDOWS\System32\SHCORE.dll
0x00007fffdede0000 - 0x00007fffdee4a000 	C:\WINDOWS\System32\shlwapi.dll
0x00007fffdde00000 - 0x00007fffdde2f000 	C:\WINDOWS\SYSTEM32\profapi.dll
0x00007fff93fb0000 - 0x00007fff93fc8000 	c:\Users\19795\.cursor\extensions\redhat.java-1.44.0-win32-x64\jre\21.0.8-win32-x86_64\bin\zip.dll
0x00007fffb7030000 - 0x00007fffb7040000 	C:\Users\19795\.cursor\extensions\redhat.java-1.44.0-win32-x64\jre\21.0.8-win32-x86_64\bin\net.dll
0x00007fffd5740000 - 0x00007fffd585e000 	C:\WINDOWS\SYSTEM32\WINHTTP.dll
0x00007fffdd220000 - 0x00007fffdd28a000 	C:\WINDOWS\system32\mswsock.dll
0x00007fff926e0000 - 0x00007fff926f6000 	C:\Users\19795\.cursor\extensions\redhat.java-1.44.0-win32-x64\jre\21.0.8-win32-x86_64\bin\nio.dll
0x00007fffa7f20000 - 0x00007fffa7f30000 	c:\Users\19795\.cursor\extensions\redhat.java-1.44.0-win32-x64\jre\21.0.8-win32-x86_64\bin\verify.dll
0x00007fff729a0000 - 0x00007fff729e5000 	C:\Users\19795\AppData\Roaming\Cursor\User\globalStorage\redhat.java\1.44.0\config_win\org.eclipse.equinox.launcher\org.eclipse.equinox.launcher.win32.win32.x86_64_1.2.1400.v20250730-1736\eclipse_11913.dll
0x00007fffdf660000 - 0x00007fffdf7fe000 	C:\WINDOWS\System32\ole32.dll
0x00007fffdd4d0000 - 0x00007fffdd4eb000 	C:\WINDOWS\SYSTEM32\CRYPTSP.dll
0x00007fffdcbf0000 - 0x00007fffdcc2b000 	C:\WINDOWS\system32\rsaenh.dll
0x00007fffdd2c0000 - 0x00007fffdd2eb000 	C:\WINDOWS\SYSTEM32\USERENV.dll
0x00007fffdddd0000 - 0x00007fffdddf6000 	C:\WINDOWS\SYSTEM32\bcrypt.dll
0x00007fffdd4f0000 - 0x00007fffdd4fc000 	C:\WINDOWS\SYSTEM32\CRYPTBASE.dll
0x00007fffdc770000 - 0x00007fffdc7a3000 	C:\WINDOWS\SYSTEM32\IPHLPAPI.DLL
0x00007fffe0550000 - 0x00007fffe055a000 	C:\WINDOWS\System32\NSI.dll
0x00007fff72950000 - 0x00007fff72999000 	C:\Users\19795\AppData\Local\Temp\jna-47005291\jna3210228292692748159.dll
0x00007fffe04c0000 - 0x00007fffe04c8000 	C:\WINDOWS\System32\PSAPI.DLL
0x00007fffd7560000 - 0x00007fffd757f000 	C:\WINDOWS\SYSTEM32\dhcpcsvc6.DLL
0x00007fffd74b0000 - 0x00007fffd74d5000 	C:\WINDOWS\SYSTEM32\dhcpcsvc.DLL
0x00007fffdcdc0000 - 0x00007fffdcdf6000 	C:\WINDOWS\SYSTEM32\ntmarta.dll

JVMTI agents:
c:\Users\19795\.cursor\extensions\redhat.java-1.44.0-win32-x64\lombok\lombok-1.18.39-4050.jar path:c:\Users\19795\.cursor\extensions\redhat.java-1.44.0-win32-x64\jre\21.0.8-win32-x86_64\bin\instrument.dll, loaded, initialized, instrumentlib options:none

dbghelp: loaded successfully - version: 4.0.5 - missing functions: none
symbol engine: initialized successfully - sym options: 0x614 - pdb path: .;c:\Users\19795\.cursor\extensions\redhat.java-1.44.0-win32-x64\jre\21.0.8-win32-x86_64\bin;C:\WINDOWS\SYSTEM32;C:\WINDOWS\WinSxS\amd64_microsoft.windows.common-controls_6595b64144ccf1df_6.0.26100.4484_none_3e0e6d4ce32ef3b3;c:\Users\19795\.cursor\extensions\redhat.java-1.44.0-win32-x64\jre\21.0.8-win32-x86_64\bin\server;C:\Users\19795\AppData\Roaming\Cursor\User\globalStorage\redhat.java\1.44.0\config_win\org.eclipse.equinox.launcher\org.eclipse.equinox.launcher.win32.win32.x86_64_1.2.1400.v20250730-1736;C:\Users\19795\AppData\Local\Temp\jna-47005291

VM Arguments:
jvm_args: --add-modules=ALL-SYSTEM --add-opens=java.base/java.util=ALL-UNNAMED --add-opens=java.base/java.lang=ALL-UNNAMED --add-opens=java.base/sun.nio.fs=ALL-UNNAMED -Declipse.application=org.eclipse.jdt.ls.core.id1 -Dosgi.bundles.defaultStartLevel=4 -Declipse.product=org.eclipse.jdt.ls.core.product -Djava.import.generatesMetadataFilesAtProjectRoot=false -DDetectVMInstallationsJob.disabled=true -Dfile.encoding=utf8 -XX:+UseParallelGC -XX:GCTimeRatio=4 -XX:AdaptiveSizePolicyWeight=90 -Dsun.zip.disableMemoryMapping=true -Xmx2G -Xms100m -Xlog:disable -javaagent:c:\Users\19795\.cursor\extensions\redhat.java-1.44.0-win32-x64\lombok\lombok-1.18.39-4050.jar -XX:+HeapDumpOnOutOfMemoryError -XX:HeapDumpPath=c:\Users\19795\AppData\Roaming\Cursor\User\workspaceStorage\60f5666ef69c76d5b2855fa7d1c1c700\redhat.java -Daether.dependencyCollector.impl=bf 
java_command: c:\Users\19795\.cursor\extensions\redhat.java-1.44.0-win32-x64\server\plugins\org.eclipse.equinox.launcher_1.7.0.v20250519-0528.jar -configuration c:\Users\19795\AppData\Roaming\Cursor\User\globalStorage\redhat.java\1.44.0\config_win -data c:\Users\19795\AppData\Roaming\Cursor\User\workspaceStorage\60f5666ef69c76d5b2855fa7d1c1c700\redhat.java\jdt_ws --pipe=\\.\pipe\lsp-2a11c1e495098664e65f1d5ec0384284-sock
java_class_path (initial): c:\Users\19795\.cursor\extensions\redhat.java-1.44.0-win32-x64\server\plugins\org.eclipse.equinox.launcher_1.7.0.v20250519-0528.jar
Launcher Type: SUN_STANDARD

[Global flags]
    uintx AdaptiveSizePolicyWeight                 = 90                                        {product} {command line}
     intx CICompilerCount                          = 12                                        {product} {ergonomic}
    uintx GCTimeRatio                              = 4                                         {product} {command line}
     bool HeapDumpOnOutOfMemoryError               = true                                   {manageable} {command line}
    ccstr HeapDumpPath                             = c:\Users\19795\AppData\Roaming\Cursor\User\workspaceStorage\60f5666ef69c76d5b2855fa7d1c1c700\redhat.java         {manageable} {command line}
   size_t InitialHeapSize                          = 104857600                                 {product} {command line}
   size_t MaxHeapSize                              = 2147483648                                {product} {command line}
   size_t MaxNewSize                               = 715653120                                 {product} {ergonomic}
   size_t MinHeapDeltaBytes                        = 524288                                    {product} {ergonomic}
   size_t MinHeapSize                              = 104857600                                 {product} {command line}
   size_t NewSize                                  = 34603008                                  {product} {ergonomic}
    uintx NonNMethodCodeHeapSize                   = 7602480                                {pd product} {ergonomic}
    uintx NonProfiledCodeHeapSize                  = 122027880                              {pd product} {ergonomic}
   size_t OldSize                                  = 70254592                                  {product} {ergonomic}
    uintx ProfiledCodeHeapSize                     = 122027880                              {pd product} {ergonomic}
    uintx ReservedCodeCacheSize                    = 251658240                              {pd product} {ergonomic}
     bool SegmentedCodeCache                       = true                                      {product} {ergonomic}
   size_t SoftMaxHeapSize                          = 2147483648                             {manageable} {ergonomic}
     bool UseCompressedOops                        = true                           {product lp64_product} {ergonomic}
     bool UseLargePagesIndividualAllocation        = false                                  {pd product} {ergonomic}
     bool UseParallelGC                            = true                                      {product} {command line}

Logging:
Log output configuration:
 #0: stdout all=off uptime,level,tags foldmultilines=false
 #1: stderr all=off uptime,level,tags foldmultilines=false

Environment Variables:
JAVA_HOME=C:\soft\Java\jdk-17.0.4.1
PATH=C:\soft\dbhomeFree\bin;c:\Users\19795\AppData\Local\Programs\cursor\resources\app\bin;C:\Program Files\Common Files\Oracle\Java\javapath;C:\WINDOWS\system32;C:\WINDOWS;C:\WINDOWS\System32\Wbem;C:\WINDOWS\System32\WindowsPowerShell\v1.0\;C:\WINDOWS\System32\OpenSSH\;C:\wamp\bin\mysql\mysql5.7.14\bin\;C:\Program Files\HP\HP One Agent;C:\Pro;ram Files\Git\cmd;C:\Program Files\nodejs\;C:\Program Files\Git\cmd;C:\Program Files\nodejs\node_global\;C:\Program Files (x86)\Tencent\web\dll;C:\WINDOWS\system32;C:\WINDOWS;C:\WINDOWS\System32\Wbem;C:\WINDOWS\System32\WindowsPowerShell\v1.0\;C:\WINDOWS\System32\OpenSSH\;C:\data\apache-zookeeper-3.6.4-bin\bin;C:\Users\19795\anaconda3\anaconda2;C:\Users\19795\anaconda3\anaconda2\Library\mingw-w64\bin;C:\Users\19795\anaconda3\anaconda2\Library\usr\bin;C:\Users\19795\anaconda3\anaconda2\Library\bin;C:\Users\19795\anaconda3\anaconda2\Scripts;C:\Users\19795\AppData\Local\Microsoft\WindowsApps;C:\Program Files\Bandizip\;C:\Program Files\JetBrains\PyCharm Community Edition 2021.3.1\bin;;C:\Progra;C:\Users\19795\anaconda3\anaconda2;C:\Users\19795\anaconda3\anaconda2\Library\mingw-w64\bin;C:\Users\19795\anaconda3\anaconda2\Library\usr\bin;C:\Users\19795\anaconda3\anaconda2\Library\bin;C:\Users\19795\anaconda3\anaconda2\Scripts;C:\Users\19795\AppData\Local\Microsoft\WindowsApps;C:\Program Files\Bandizip\;C:\Program Files\JetBrains\PyCharm Community Edition 2021.3.1\bin;;C:\Program Files\PyCharm 2021.3.1\bin;;C:\Users\19795\AppData\Local\Programs\Microsoft VS Code\bin;C:\soft\apache-maven-3.8.6\bin;C:\Users\19795\AppData\Roaming\npm;C:\Users\19795\Desktop\apache-tomcat-10.1.0-M1\bin;C:\soft\Java\jdk-17.0.4.1;C:\Users\19795\AppData\Local\Programs\cursor\resources\app\bin
USERNAME=19795
OS=Windows_NT
PROCESSOR_IDENTIFIER=AMD64 Family 23 Model 104 Stepping 1, AuthenticAMD
TMP=C:\Users\19795\AppData\Local\Temp
TEMP=C:\Users\19795\AppData\Local\Temp




Periodic native trim disabled

---------------  S Y S T E M  ---------------

OS:
 Windows 11 , 64 bit Build 26100 (10.0.26100.4484)
OS uptime: 0 days 2:33 hours

CPU: total 16 (initial active 16) (16 cores per cpu, 2 threads per core) family 23 model 104 stepping 1 microcode 0x8608104, cx8, cmov, fxsr, ht, mmx, 3dnowpref, sse, sse2, sse3, ssse3, sse4a, sse4.1, sse4.2, popcnt, lzcnt, tsc, tscinvbit, avx, avx2, aes, clmul, bmi1, bmi2, adx, sha, fma, vzeroupper, clflush, clflushopt, rdtscp, rdpid, f16c
Processor Information for the first 16 processors :
  Max Mhz: 1801, Current Mhz: 1801, Mhz Limit: 1801

Memory: 4k page, system-wide physical 15693M (1903M free)
TotalPageFile size 62797M (AvailPageFile size 13M)
current process WorkingSet (physical memory assigned to process): 372M, peak: 1506M
current process commit charge ("private bytes"): 1644M, peak: 1649M

vm_info: OpenJDK 64-Bit Server VM (21.0.8+9-LTS) for windows-amd64 JRE (21.0.8+9-LTS), built on 2025-07-15T00:00:00Z by "admin" with MS VC++ 17.7 (VS2022)

END.
